/*C90*/SET SCHEMA PUBLIC
DISCONNECT
/*C92*/SET SCHEMA PUBLIC
DISCONNECT
/*C93*/SET SCHEMA PUBLIC
DISCONNECT
/*C95*/SET SCHEMA PUBLIC
DISCONNECT
/*C94*/SET SCHEMA PUBLIC
DISCONNECT
/*C97*/SET SCHEMA PUBLIC
DISCONNECT
/*C96*/SET SCHEMA PUBLIC
DISCONNECT
/*C98*/SET SCHEMA PUBLIC
DISCONNECT
/*C99*/SET SCHEMA PUBLIC
DISCONNECT
/*C100*/SET SCHEMA PUBLIC
DISCONNECT
/*C101*/SET SCHEMA PUBLIC
DISCONNECT
/*C102*/SET SCHEMA PUBLIC
DISCONNECT
/*C103*/SET SCHEMA PUBLIC
DISCONNECT
/*C104*/SET SCHEMA PUBLIC
DISCONNECT
/*C105*/SET SCHEMA PUBLIC
DISCONNECT
/*C106*/SET SCHEMA PUBLIC
DISCONNECT
/*C107*/SET SCHEMA PUBLIC
DISCONNECT
/*C108*/SET SCHEMA PUBLIC
DISCONNECT
/*C109*/SET SCHEMA PUBLIC
DISCONNECT
/*C110*/SET SCHEMA PUBLIC
DISCONNECT
/*C111*/SET SCHEMA PUBLIC
DISCONNECT
/*C112*/SET SCHEMA PUBLIC
DISCONNECT
/*C91*/SET SCHEMA PUBLIC
DELETE FROM MYLOG WHERE ID=0
DELETE FROM MYLOG WHERE ID=1
DELETE FROM MYLOG WHERE ID=2
DELETE FROM MYLOG WHERE ID=3
DELETE FROM MYLOG WHERE ID=4
DELETE FROM MYLOG WHERE ID=5
DELETE FROM MYLOG WHERE ID=6
DELETE FROM MYLOG WHERE ID=7
DELETE FROM MYLOG WHERE ID=8
DELETE FROM MYLOG WHERE ID=9
COMMIT
/*C113*/SET SCHEMA PUBLIC
DISCONNECT
/*C114*/SET SCHEMA PUBLIC
DISCONNECT
/*C115*/SET SCHEMA PUBLIC
DISCONNECT
/*C116*/SET SCHEMA PUBLIC
DISCONNECT
/*C117*/SET SCHEMA PUBLIC
DISCONNECT
/*C118*/SET SCHEMA PUBLIC
DISCONNECT
/*C119*/SET SCHEMA PUBLIC
DISCONNECT
/*C120*/SET SCHEMA PUBLIC
DISCONNECT
/*C121*/SET SCHEMA PUBLIC
DISCONNECT
/*C122*/SET SCHEMA PUBLIC
DISCONNECT
/*C123*/SET SCHEMA PUBLIC
DISCONNECT
/*C124*/SET SCHEMA PUBLIC
DISCONNECT
/*C125*/SET SCHEMA PUBLIC
DISCONNECT
/*C126*/SET SCHEMA PUBLIC
DISCONNECT
/*C127*/SET SCHEMA PUBLIC
DISCONNECT
/*C128*/SET SCHEMA PUBLIC
DISCONNECT
/*C129*/SET SCHEMA PUBLIC
DISCONNECT
/*C130*/SET SCHEMA PUBLIC
DISCONNECT
/*C131*/SET SCHEMA PUBLIC
DISCONNECT
/*C132*/SET SCHEMA PUBLIC
DISCONNECT
/*C133*/SET SCHEMA PUBLIC
DISCONNECT
/*C134*/SET SCHEMA PUBLIC
DISCONNECT
/*C135*/SET SCHEMA PUBLIC
DISCONNECT
/*C136*/SET SCHEMA PUBLIC
DISCONNECT
/*C137*/SET SCHEMA PUBLIC
DISCONNECT
/*C138*/SET SCHEMA PUBLIC
DISCONNECT
/*C139*/SET SCHEMA PUBLIC
DISCONNECT
/*C140*/SET SCHEMA PUBLIC
DISCONNECT
/*C141*/SET SCHEMA PUBLIC
DISCONNECT
/*C142*/SET SCHEMA PUBLIC
DISCONNECT
/*C143*/SET SCHEMA PUBLIC
DISCONNECT
/*C144*/SET SCHEMA PUBLIC
DISCONNECT
/*C145*/SET SCHEMA PUBLIC
DISCONNECT
/*C146*/SET SCHEMA PUBLIC
DISCONNECT
/*C147*/SET SCHEMA PUBLIC
DISCONNECT
/*C148*/SET SCHEMA PUBLIC
DISCONNECT
/*C149*/SET SCHEMA PUBLIC
DISCONNECT
/*C150*/SET SCHEMA PUBLIC
DISCONNECT
/*C151*/SET SCHEMA PUBLIC
DISCONNECT
/*C152*/SET SCHEMA PUBLIC
DISCONNECT
/*C153*/SET SCHEMA PUBLIC
DISCONNECT
/*C154*/SET SCHEMA PUBLIC
DISCONNECT
/*C155*/SET SCHEMA PUBLIC
DISCONNECT
/*C156*/SET SCHEMA PUBLIC
DISCONNECT
/*C157*/SET SCHEMA PUBLIC
DISCONNECT
/*C158*/SET SCHEMA PUBLIC
DISCONNECT
/*C159*/SET SCHEMA PUBLIC
DISCONNECT
/*C160*/SET SCHEMA PUBLIC
DISCONNECT
/*C161*/SET SCHEMA PUBLIC
DISCONNECT
/*C162*/SET SCHEMA PUBLIC
DISCONNECT
/*C163*/SET SCHEMA PUBLIC
DISCONNECT
/*C164*/SET SCHEMA PUBLIC
DISCONNECT
/*C165*/SET SCHEMA PUBLIC
DISCONNECT
/*C166*/SET SCHEMA PUBLIC
DISCONNECT
/*C167*/SET SCHEMA PUBLIC
DISCONNECT
/*C168*/SET SCHEMA PUBLIC
DISCONNECT
/*C169*/SET SCHEMA PUBLIC
DISCONNECT
/*C170*/SET SCHEMA PUBLIC
DISCONNECT
/*C171*/SET SCHEMA PUBLIC
DISCONNECT
/*C172*/SET SCHEMA PUBLIC
DISCONNECT
/*C173*/SET SCHEMA PUBLIC
DISCONNECT
/*C174*/SET SCHEMA PUBLIC
DISCONNECT
/*C175*/SET SCHEMA PUBLIC
DISCONNECT
/*C176*/SET SCHEMA PUBLIC
DISCONNECT
/*C177*/SET SCHEMA PUBLIC
DISCONNECT
/*C178*/SET SCHEMA PUBLIC
DISCONNECT
/*C179*/SET SCHEMA PUBLIC
DISCONNECT
/*C180*/SET SCHEMA PUBLIC
DISCONNECT
/*C181*/SET SCHEMA PUBLIC
DISCONNECT
/*C182*/SET SCHEMA PUBLIC
DISCONNECT
/*C183*/SET SCHEMA PUBLIC
DISCONNECT
/*C184*/SET SCHEMA PUBLIC
DISCONNECT
/*C185*/SET SCHEMA PUBLIC
DISCONNECT
/*C186*/SET SCHEMA PUBLIC
DISCONNECT
/*C187*/SET SCHEMA PUBLIC
DISCONNECT
/*C188*/SET SCHEMA PUBLIC
DISCONNECT
/*C189*/SET SCHEMA PUBLIC
DISCONNECT
/*C190*/SET SCHEMA PUBLIC
DISCONNECT
/*C191*/SET SCHEMA PUBLIC
DISCONNECT
/*C192*/SET SCHEMA PUBLIC
DISCONNECT
/*C193*/SET SCHEMA PUBLIC
DISCONNECT
/*C1*/SET SCHEMA SYSTEM_LOBS
INSERT INTO LOB_IDS VALUES(18,74568,0,30)
ALTER SEQUENCE SYSTEM_LOBS.LOB_ID RESTART WITH 19
COMMIT
DELETE FROM BLOCKS WHERE BLOCK_ADDR=30
INSERT INTO BLOCKS VALUES(30,3,0)
INSERT INTO BLOCKS VALUES(33,2147483614,0)
DELETE FROM BLOCKS WHERE BLOCK_ADDR=30
INSERT INTO LOBS VALUES(30,3,0,18)
COMMIT
/*C194*/SET SCHEMA PUBLIC
INSERT INTO MYBACKUP VALUES(16,18,'2017-11-24','Jasper Cheng')
SET SCHEMA SYSTEM_LOBS
DELETE FROM LOB_IDS WHERE LOB_ID=18
INSERT INTO LOB_IDS VALUES(18,74568,1,30)
COMMIT
SET SCHEMA PUBLIC
DISCONNECT
/*C195*/SET SCHEMA PUBLIC
INSERT INTO MYLOG VALUES(10,'backup date 74568 byte successfully','2017-11-24','Jasper Cheng')
COMMIT
DISCONNECT
/*C1*/INSERT INTO LOB_IDS VALUES(19,74568,0,30)
ALTER SEQUENCE SYSTEM_LOBS.LOB_ID RESTART WITH 20
COMMIT
DELETE FROM BLOCKS WHERE BLOCK_ADDR=33
INSERT INTO BLOCKS VALUES(33,3,0)
INSERT INTO BLOCKS VALUES(36,2147483611,0)
DELETE FROM BLOCKS WHERE BLOCK_ADDR=33
INSERT INTO LOBS VALUES(33,3,0,19)
COMMIT
/*C196*/SET SCHEMA PUBLIC
INSERT INTO MYBACKUP VALUES(17,19,'2017-11-24','Jasper Cheng')
SET SCHEMA SYSTEM_LOBS
DELETE FROM LOB_IDS WHERE LOB_ID=19
INSERT INTO LOB_IDS VALUES(19,74568,1,30)
COMMIT
SET SCHEMA PUBLIC
DISCONNECT
/*C197*/SET SCHEMA PUBLIC
INSERT INTO MYLOG VALUES(11,'backup date 74568 byte successfully','2017-11-24','Jasper Cheng')
COMMIT
DISCONNECT
/*C1*/INSERT INTO LOB_IDS VALUES(20,74568,0,30)
ALTER SEQUENCE SYSTEM_LOBS.LOB_ID RESTART WITH 21
COMMIT
DELETE FROM BLOCKS WHERE BLOCK_ADDR=36
INSERT INTO BLOCKS VALUES(36,3,0)
INSERT INTO BLOCKS VALUES(39,2147483608,0)
DELETE FROM BLOCKS WHERE BLOCK_ADDR=36
INSERT INTO LOBS VALUES(36,3,0,20)
COMMIT
/*C198*/SET SCHEMA PUBLIC
INSERT INTO MYBACKUP VALUES(18,20,'2017-11-24','Jasper Cheng')
SET SCHEMA SYSTEM_LOBS
DELETE FROM LOB_IDS WHERE LOB_ID=20
INSERT INTO LOB_IDS VALUES(20,74568,1,30)
COMMIT
SET SCHEMA PUBLIC
DISCONNECT
/*C199*/SET SCHEMA PUBLIC
INSERT INTO MYLOG VALUES(12,'backup date 74568 byte successfully','2017-11-24','Jasper Cheng')
COMMIT
DISCONNECT
/*C1*/INSERT INTO LOB_IDS VALUES(21,8,0,30)
ALTER SEQUENCE SYSTEM_LOBS.LOB_ID RESTART WITH 22
COMMIT
DELETE FROM BLOCKS WHERE BLOCK_ADDR=39
INSERT INTO BLOCKS VALUES(39,1,0)
INSERT INTO BLOCKS VALUES(40,2147483607,0)
DELETE FROM BLOCKS WHERE BLOCK_ADDR=39
INSERT INTO LOBS VALUES(39,1,0,21)
COMMIT
/*C200*/SET SCHEMA PUBLIC
INSERT INTO MYBACKUP VALUES(19,21,'2017-11-24','Jasper Cheng')
SET SCHEMA SYSTEM_LOBS
DELETE FROM LOB_IDS WHERE LOB_ID=21
INSERT INTO LOB_IDS VALUES(21,8,1,30)
COMMIT
SET SCHEMA PUBLIC
DISCONNECT
/*C201*/SET SCHEMA PUBLIC
INSERT INTO MYLOG VALUES(13,'backup date 8 byte successfully','2017-11-24','Jasper Cheng')
COMMIT
DISCONNECT
/*C1*/INSERT INTO LOB_IDS VALUES(22,8,0,30)
ALTER SEQUENCE SYSTEM_LOBS.LOB_ID RESTART WITH 23
COMMIT
DELETE FROM BLOCKS WHERE BLOCK_ADDR=40
INSERT INTO BLOCKS VALUES(40,1,0)
INSERT INTO BLOCKS VALUES(41,2147483606,0)
DELETE FROM BLOCKS WHERE BLOCK_ADDR=40
INSERT INTO LOBS VALUES(40,1,0,22)
COMMIT
/*C202*/SET SCHEMA PUBLIC
INSERT INTO MYBACKUP VALUES(20,22,'2017-11-24','Jasper Cheng')
SET SCHEMA SYSTEM_LOBS
DELETE FROM LOB_IDS WHERE LOB_ID=22
INSERT INTO LOB_IDS VALUES(22,8,1,30)
COMMIT
SET SCHEMA PUBLIC
DISCONNECT
/*C203*/SET SCHEMA PUBLIC
INSERT INTO MYLOG VALUES(14,'backup date 8 byte successfully','2017-11-24','Jasper Cheng')
COMMIT
DISCONNECT
/*C1*/INSERT INTO LOB_IDS VALUES(23,8,0,30)
ALTER SEQUENCE SYSTEM_LOBS.LOB_ID RESTART WITH 24
COMMIT
DELETE FROM BLOCKS WHERE BLOCK_ADDR=41
INSERT INTO BLOCKS VALUES(41,1,0)
INSERT INTO BLOCKS VALUES(42,2147483605,0)
DELETE FROM BLOCKS WHERE BLOCK_ADDR=41
INSERT INTO LOBS VALUES(41,1,0,23)
COMMIT
/*C204*/SET SCHEMA PUBLIC
INSERT INTO MYBACKUP VALUES(21,23,'2017-11-24','Jasper Cheng')
SET SCHEMA SYSTEM_LOBS
DELETE FROM LOB_IDS WHERE LOB_ID=23
INSERT INTO LOB_IDS VALUES(23,8,1,30)
COMMIT
SET SCHEMA PUBLIC
DISCONNECT
/*C205*/SET SCHEMA PUBLIC
INSERT INTO MYLOG VALUES(15,'backup date 8 byte successfully','2017-11-24','Jasper Cheng')
COMMIT
DISCONNECT
/*C1*/INSERT INTO LOB_IDS VALUES(24,44848,0,30)
ALTER SEQUENCE SYSTEM_LOBS.LOB_ID RESTART WITH 25
COMMIT
DELETE FROM BLOCKS WHERE BLOCK_ADDR=42
INSERT INTO BLOCKS VALUES(42,2,0)
INSERT INTO BLOCKS VALUES(44,2147483603,0)
DELETE FROM BLOCKS WHERE BLOCK_ADDR=42
INSERT INTO LOBS VALUES(42,2,0,24)
COMMIT
/*C206*/SET SCHEMA PUBLIC
INSERT INTO MYBACKUP VALUES(22,24,'2017-11-24','Jasper Cheng')
SET SCHEMA SYSTEM_LOBS
DELETE FROM LOB_IDS WHERE LOB_ID=24
INSERT INTO LOB_IDS VALUES(24,44848,1,30)
COMMIT
SET SCHEMA PUBLIC
DISCONNECT
/*C207*/SET SCHEMA PUBLIC
INSERT INTO MYLOG VALUES(16,'backup date 44848 byte successfully','2017-11-24','Jasper Cheng')
COMMIT
DISCONNECT
/*C1*/INSERT INTO LOB_IDS VALUES(25,44848,0,30)
ALTER SEQUENCE SYSTEM_LOBS.LOB_ID RESTART WITH 26
COMMIT
DELETE FROM BLOCKS WHERE BLOCK_ADDR=44
INSERT INTO BLOCKS VALUES(44,2,0)
INSERT INTO BLOCKS VALUES(46,2147483601,0)
DELETE FROM BLOCKS WHERE BLOCK_ADDR=44
INSERT INTO LOBS VALUES(44,2,0,25)
COMMIT
/*C208*/SET SCHEMA PUBLIC
INSERT INTO MYBACKUP VALUES(23,25,'2017-11-24','Jasper Cheng')
SET SCHEMA SYSTEM_LOBS
DELETE FROM LOB_IDS WHERE LOB_ID=25
INSERT INTO LOB_IDS VALUES(25,44848,1,30)
COMMIT
SET SCHEMA PUBLIC
DISCONNECT
/*C209*/SET SCHEMA PUBLIC
INSERT INTO MYLOG VALUES(17,'backup date 44848 byte successfully','2017-11-24','Jasper Cheng')
COMMIT
DISCONNECT
/*C1*/INSERT INTO LOB_IDS VALUES(26,44848,0,30)
ALTER SEQUENCE SYSTEM_LOBS.LOB_ID RESTART WITH 27
COMMIT
DELETE FROM BLOCKS WHERE BLOCK_ADDR=46
INSERT INTO BLOCKS VALUES(46,2,0)
INSERT INTO BLOCKS VALUES(48,2147483599,0)
DELETE FROM BLOCKS WHERE BLOCK_ADDR=46
INSERT INTO LOBS VALUES(46,2,0,26)
COMMIT
/*C210*/SET SCHEMA PUBLIC
INSERT INTO MYBACKUP VALUES(24,26,'2017-11-24','Jasper Cheng')
SET SCHEMA SYSTEM_LOBS
DELETE FROM LOB_IDS WHERE LOB_ID=26
INSERT INTO LOB_IDS VALUES(26,44848,1,30)
COMMIT
SET SCHEMA PUBLIC
DISCONNECT
/*C211*/SET SCHEMA PUBLIC
INSERT INTO MYLOG VALUES(18,'backup date 44848 byte successfully','2017-11-24','Jasper Cheng')
COMMIT
DISCONNECT
/*C1*/INSERT INTO LOB_IDS VALUES(27,44848,0,30)
ALTER SEQUENCE SYSTEM_LOBS.LOB_ID RESTART WITH 28
COMMIT
DELETE FROM BLOCKS WHERE BLOCK_ADDR=48
INSERT INTO BLOCKS VALUES(48,2,0)
INSERT INTO BLOCKS VALUES(50,2147483597,0)
DELETE FROM BLOCKS WHERE BLOCK_ADDR=48
INSERT INTO LOBS VALUES(48,2,0,27)
COMMIT
/*C212*/SET SCHEMA PUBLIC
INSERT INTO MYBACKUP VALUES(25,27,'2017-11-24','Jasper Cheng')
SET SCHEMA SYSTEM_LOBS
DELETE FROM LOB_IDS WHERE LOB_ID=27
INSERT INTO LOB_IDS VALUES(27,44848,1,30)
COMMIT
SET SCHEMA PUBLIC
DISCONNECT
/*C213*/SET SCHEMA PUBLIC
INSERT INTO MYLOG VALUES(19,'backup date 44848 byte successfully','2017-11-24','Jasper Cheng')
COMMIT
DISCONNECT
/*C1*/INSERT INTO LOB_IDS VALUES(28,44848,0,30)
ALTER SEQUENCE SYSTEM_LOBS.LOB_ID RESTART WITH 29
COMMIT
DELETE FROM BLOCKS WHERE BLOCK_ADDR=50
INSERT INTO BLOCKS VALUES(50,2,0)
INSERT INTO BLOCKS VALUES(52,2147483595,0)
DELETE FROM BLOCKS WHERE BLOCK_ADDR=50
INSERT INTO LOBS VALUES(50,2,0,28)
COMMIT
/*C214*/SET SCHEMA PUBLIC
INSERT INTO MYBACKUP VALUES(26,28,'2017-11-24','Jasper Cheng')
SET SCHEMA SYSTEM_LOBS
DELETE FROM LOB_IDS WHERE LOB_ID=28
INSERT INTO LOB_IDS VALUES(28,44848,1,30)
COMMIT
SET SCHEMA PUBLIC
DISCONNECT
/*C215*/SET SCHEMA PUBLIC
INSERT INTO MYLOG VALUES(20,'backup date 44848 byte successfully','2017-11-24','Jasper Cheng')
COMMIT
DISCONNECT
/*C1*/INSERT INTO LOB_IDS VALUES(29,44848,0,30)
ALTER SEQUENCE SYSTEM_LOBS.LOB_ID RESTART WITH 30
COMMIT
DELETE FROM BLOCKS WHERE BLOCK_ADDR=52
INSERT INTO BLOCKS VALUES(52,2,0)
INSERT INTO BLOCKS VALUES(54,2147483593,0)
DELETE FROM BLOCKS WHERE BLOCK_ADDR=52
INSERT INTO LOBS VALUES(52,2,0,29)
COMMIT
/*C216*/SET SCHEMA PUBLIC
INSERT INTO MYBACKUP VALUES(27,29,'2017-11-24','Jasper Cheng')
SET SCHEMA SYSTEM_LOBS
DELETE FROM LOB_IDS WHERE LOB_ID=29
INSERT INTO LOB_IDS VALUES(29,44848,1,30)
COMMIT
SET SCHEMA PUBLIC
DISCONNECT
/*C217*/SET SCHEMA PUBLIC
INSERT INTO MYLOG VALUES(21,'backup date 44848 byte successfully','2017-11-24','Jasper Cheng')
COMMIT
DISCONNECT
/*C218*/SET SCHEMA PUBLIC
DISCONNECT
/*C219*/SET SCHEMA PUBLIC
DISCONNECT
/*C220*/SET SCHEMA PUBLIC
DISCONNECT
/*C221*/SET SCHEMA PUBLIC
DISCONNECT
/*C222*/SET SCHEMA PUBLIC
DISCONNECT
/*C223*/SET SCHEMA PUBLIC
DISCONNECT
/*C224*/SET SCHEMA PUBLIC
DISCONNECT
/*C225*/SET SCHEMA PUBLIC
DISCONNECT
/*C226*/SET SCHEMA PUBLIC
DISCONNECT
/*C227*/SET SCHEMA PUBLIC
INSERT INTO MYLOG VALUES(22,'backup date 74568 byte successfully','2017-11-24','Jasper Cheng')
COMMIT
DISCONNECT
/*C1*/INSERT INTO LOB_IDS VALUES(30,74568,0,30)
ALTER SEQUENCE SYSTEM_LOBS.LOB_ID RESTART WITH 31
COMMIT
DELETE FROM BLOCKS WHERE BLOCK_ADDR=54
INSERT INTO BLOCKS VALUES(54,3,0)
INSERT INTO BLOCKS VALUES(57,2147483590,0)
DELETE FROM BLOCKS WHERE BLOCK_ADDR=54
INSERT INTO LOBS VALUES(54,3,0,30)
COMMIT
/*C228*/SET SCHEMA PUBLIC
INSERT INTO MYBACKUP VALUES(28,30,'2017-11-24','Jasper Cheng')
SET SCHEMA SYSTEM_LOBS
DELETE FROM LOB_IDS WHERE LOB_ID=30
INSERT INTO LOB_IDS VALUES(30,74568,1,30)
COMMIT
SET SCHEMA PUBLIC
DISCONNECT
/*C229*/SET SCHEMA PUBLIC
INSERT INTO MYLOG VALUES(23,'backup date 74568 byte successfully','2017-11-24','Jasper Cheng')
COMMIT
DISCONNECT
/*C1*/INSERT INTO LOB_IDS VALUES(31,74568,0,30)
ALTER SEQUENCE SYSTEM_LOBS.LOB_ID RESTART WITH 32
COMMIT
DELETE FROM BLOCKS WHERE BLOCK_ADDR=57
INSERT INTO BLOCKS VALUES(57,3,0)
INSERT INTO BLOCKS VALUES(60,2147483587,0)
DELETE FROM BLOCKS WHERE BLOCK_ADDR=57
INSERT INTO LOBS VALUES(57,3,0,31)
COMMIT
/*C230*/SET SCHEMA PUBLIC
INSERT INTO MYBACKUP VALUES(29,31,'2017-11-24','Jasper Cheng')
SET SCHEMA SYSTEM_LOBS
DELETE FROM LOB_IDS WHERE LOB_ID=31
INSERT INTO LOB_IDS VALUES(31,74568,1,30)
COMMIT
SET SCHEMA PUBLIC
DISCONNECT
/*C231*/SET SCHEMA PUBLIC
INSERT INTO MYLOG VALUES(24,'backup date 74568 byte successfully','2017-11-24','Jasper Cheng')
COMMIT
DISCONNECT
/*C1*/INSERT INTO LOB_IDS VALUES(32,8,0,30)
ALTER SEQUENCE SYSTEM_LOBS.LOB_ID RESTART WITH 33
COMMIT
DELETE FROM BLOCKS WHERE BLOCK_ADDR=60
INSERT INTO BLOCKS VALUES(60,1,0)
INSERT INTO BLOCKS VALUES(61,2147483586,0)
DELETE FROM BLOCKS WHERE BLOCK_ADDR=60
INSERT INTO LOBS VALUES(60,1,0,32)
COMMIT
/*C232*/SET SCHEMA PUBLIC
INSERT INTO MYBACKUP VALUES(30,32,'2017-11-24','Jasper Cheng')
SET SCHEMA SYSTEM_LOBS
DELETE FROM LOB_IDS WHERE LOB_ID=32
INSERT INTO LOB_IDS VALUES(32,8,1,30)
COMMIT
SET SCHEMA PUBLIC
DISCONNECT
/*C233*/SET SCHEMA PUBLIC
INSERT INTO MYLOG VALUES(25,'backup date 8 byte successfully','2017-11-24','Jasper Cheng')
COMMIT
DISCONNECT
/*C1*/INSERT INTO LOB_IDS VALUES(33,8,0,30)
ALTER SEQUENCE SYSTEM_LOBS.LOB_ID RESTART WITH 34
COMMIT
DELETE FROM BLOCKS WHERE BLOCK_ADDR=61
INSERT INTO BLOCKS VALUES(61,1,0)
INSERT INTO BLOCKS VALUES(62,2147483585,0)
DELETE FROM BLOCKS WHERE BLOCK_ADDR=61
INSERT INTO LOBS VALUES(61,1,0,33)
COMMIT
/*C234*/SET SCHEMA PUBLIC
INSERT INTO MYBACKUP VALUES(31,33,'2017-11-24','Jasper Cheng')
SET SCHEMA SYSTEM_LOBS
DELETE FROM LOB_IDS WHERE LOB_ID=33
INSERT INTO LOB_IDS VALUES(33,8,1,30)
COMMIT
SET SCHEMA PUBLIC
DISCONNECT
/*C235*/SET SCHEMA PUBLIC
INSERT INTO MYLOG VALUES(26,'backup date 8 byte successfully','2017-11-24','Jasper Cheng')
COMMIT
DISCONNECT
/*C1*/INSERT INTO LOB_IDS VALUES(34,8,0,30)
ALTER SEQUENCE SYSTEM_LOBS.LOB_ID RESTART WITH 35
COMMIT
DELETE FROM BLOCKS WHERE BLOCK_ADDR=62
INSERT INTO BLOCKS VALUES(62,1,0)
INSERT INTO BLOCKS VALUES(63,2147483584,0)
DELETE FROM BLOCKS WHERE BLOCK_ADDR=62
INSERT INTO LOBS VALUES(62,1,0,34)
COMMIT
/*C236*/SET SCHEMA PUBLIC
INSERT INTO MYBACKUP VALUES(32,34,'2017-11-24','Jasper Cheng')
SET SCHEMA SYSTEM_LOBS
DELETE FROM LOB_IDS WHERE LOB_ID=34
INSERT INTO LOB_IDS VALUES(34,8,1,30)
COMMIT
SET SCHEMA PUBLIC
DISCONNECT
/*C237*/SET SCHEMA PUBLIC
INSERT INTO MYLOG VALUES(27,'backup date 8 byte successfully','2017-11-24','Jasper Cheng')
COMMIT
DISCONNECT
/*C1*/INSERT INTO LOB_IDS VALUES(35,44848,0,30)
ALTER SEQUENCE SYSTEM_LOBS.LOB_ID RESTART WITH 36
COMMIT
DELETE FROM BLOCKS WHERE BLOCK_ADDR=63
INSERT INTO BLOCKS VALUES(63,2,0)
INSERT INTO BLOCKS VALUES(65,2147483582,0)
DELETE FROM BLOCKS WHERE BLOCK_ADDR=63
INSERT INTO LOBS VALUES(63,2,0,35)
COMMIT
/*C238*/SET SCHEMA PUBLIC
INSERT INTO MYBACKUP VALUES(33,35,'2017-11-24','Jasper Cheng')
SET SCHEMA SYSTEM_LOBS
DELETE FROM LOB_IDS WHERE LOB_ID=35
INSERT INTO LOB_IDS VALUES(35,44848,1,30)
COMMIT
SET SCHEMA PUBLIC
DISCONNECT
/*C239*/SET SCHEMA PUBLIC
INSERT INTO MYLOG VALUES(28,'backup date 44848 byte successfully','2017-11-24','Jasper Cheng')
COMMIT
DISCONNECT
/*C1*/INSERT INTO LOB_IDS VALUES(36,44848,0,30)
ALTER SEQUENCE SYSTEM_LOBS.LOB_ID RESTART WITH 37
COMMIT
DELETE FROM BLOCKS WHERE BLOCK_ADDR=65
INSERT INTO BLOCKS VALUES(65,2,0)
INSERT INTO BLOCKS VALUES(67,2147483580,0)
DELETE FROM BLOCKS WHERE BLOCK_ADDR=65
INSERT INTO LOBS VALUES(65,2,0,36)
COMMIT
/*C240*/SET SCHEMA PUBLIC
INSERT INTO MYBACKUP VALUES(34,36,'2017-11-24','Jasper Cheng')
SET SCHEMA SYSTEM_LOBS
DELETE FROM LOB_IDS WHERE LOB_ID=36
INSERT INTO LOB_IDS VALUES(36,44848,1,30)
COMMIT
SET SCHEMA PUBLIC
DISCONNECT
/*C241*/SET SCHEMA PUBLIC
INSERT INTO MYLOG VALUES(29,'backup date 44848 byte successfully','2017-11-24','Jasper Cheng')
COMMIT
DISCONNECT
/*C1*/INSERT INTO LOB_IDS VALUES(37,44848,0,30)
ALTER SEQUENCE SYSTEM_LOBS.LOB_ID RESTART WITH 38
COMMIT
DELETE FROM BLOCKS WHERE BLOCK_ADDR=67
INSERT INTO BLOCKS VALUES(67,2,0)
INSERT INTO BLOCKS VALUES(69,2147483578,0)
DELETE FROM BLOCKS WHERE BLOCK_ADDR=67
INSERT INTO LOBS VALUES(67,2,0,37)
COMMIT
/*C242*/SET SCHEMA PUBLIC
INSERT INTO MYBACKUP VALUES(35,37,'2017-11-24','Jasper Cheng')
SET SCHEMA SYSTEM_LOBS
DELETE FROM LOB_IDS WHERE LOB_ID=37
INSERT INTO LOB_IDS VALUES(37,44848,1,30)
COMMIT
SET SCHEMA PUBLIC
DISCONNECT
/*C243*/SET SCHEMA PUBLIC
INSERT INTO MYLOG VALUES(30,'backup date 44848 byte successfully','2017-11-24','Jasper Cheng')
COMMIT
DISCONNECT
/*C1*/INSERT INTO LOB_IDS VALUES(38,44848,0,30)
ALTER SEQUENCE SYSTEM_LOBS.LOB_ID RESTART WITH 39
COMMIT
DELETE FROM BLOCKS WHERE BLOCK_ADDR=69
INSERT INTO BLOCKS VALUES(69,2,0)
INSERT INTO BLOCKS VALUES(71,2147483576,0)
DELETE FROM BLOCKS WHERE BLOCK_ADDR=69
INSERT INTO LOBS VALUES(69,2,0,38)
COMMIT
/*C244*/SET SCHEMA PUBLIC
INSERT INTO MYBACKUP VALUES(36,38,'2017-11-24','Jasper Cheng')
SET SCHEMA SYSTEM_LOBS
DELETE FROM LOB_IDS WHERE LOB_ID=38
INSERT INTO LOB_IDS VALUES(38,44848,1,30)
COMMIT
SET SCHEMA PUBLIC
DISCONNECT
/*C245*/SET SCHEMA PUBLIC
INSERT INTO MYLOG VALUES(31,'backup date 44848 byte successfully','2017-11-24','Jasper Cheng')
COMMIT
DISCONNECT
/*C1*/INSERT INTO LOB_IDS VALUES(39,44848,0,30)
ALTER SEQUENCE SYSTEM_LOBS.LOB_ID RESTART WITH 40
COMMIT
DELETE FROM BLOCKS WHERE BLOCK_ADDR=71
INSERT INTO BLOCKS VALUES(71,2,0)
INSERT INTO BLOCKS VALUES(73,2147483574,0)
DELETE FROM BLOCKS WHERE BLOCK_ADDR=71
INSERT INTO LOBS VALUES(71,2,0,39)
COMMIT
/*C246*/SET SCHEMA PUBLIC
INSERT INTO MYBACKUP VALUES(37,39,'2017-11-24','Jasper Cheng')
SET SCHEMA SYSTEM_LOBS
DELETE FROM LOB_IDS WHERE LOB_ID=39
INSERT INTO LOB_IDS VALUES(39,44848,1,30)
COMMIT
SET SCHEMA PUBLIC
DISCONNECT
/*C247*/SET SCHEMA PUBLIC
INSERT INTO MYLOG VALUES(32,'backup date 44848 byte successfully','2017-11-24','Jasper Cheng')
COMMIT
DISCONNECT
/*C1*/INSERT INTO LOB_IDS VALUES(40,44848,0,30)
ALTER SEQUENCE SYSTEM_LOBS.LOB_ID RESTART WITH 41
COMMIT
DELETE FROM BLOCKS WHERE BLOCK_ADDR=73
INSERT INTO BLOCKS VALUES(73,2,0)
INSERT INTO BLOCKS VALUES(75,2147483572,0)
DELETE FROM BLOCKS WHERE BLOCK_ADDR=73
INSERT INTO LOBS VALUES(73,2,0,40)
COMMIT
/*C248*/SET SCHEMA PUBLIC
INSERT INTO MYBACKUP VALUES(38,40,'2017-11-24','Jasper Cheng')
SET SCHEMA SYSTEM_LOBS
DELETE FROM LOB_IDS WHERE LOB_ID=40
INSERT INTO LOB_IDS VALUES(40,44848,1,30)
COMMIT
SET SCHEMA PUBLIC
DISCONNECT
/*C249*/SET SCHEMA PUBLIC
INSERT INTO MYLOG VALUES(33,'backup date 44848 byte successfully','2017-11-24','Jasper Cheng')
COMMIT
DISCONNECT
/*C250*/SET SCHEMA PUBLIC
DISCONNECT
/*C251*/SET SCHEMA PUBLIC
DISCONNECT
/*C252*/SET SCHEMA PUBLIC
DISCONNECT
/*C253*/SET SCHEMA PUBLIC
DISCONNECT
/*C254*/SET SCHEMA PUBLIC
DISCONNECT
/*C255*/SET SCHEMA PUBLIC
DISCONNECT
/*C256*/SET SCHEMA PUBLIC
DISCONNECT
/*C257*/SET SCHEMA PUBLIC
DISCONNECT
/*C258*/SET SCHEMA PUBLIC
DISCONNECT
/*C259*/SET SCHEMA PUBLIC
DISCONNECT
/*C260*/SET SCHEMA PUBLIC
DISCONNECT
/*C261*/SET SCHEMA PUBLIC
DISCONNECT
/*C262*/SET SCHEMA PUBLIC
DISCONNECT
/*C263*/SET SCHEMA PUBLIC
DISCONNECT
/*C264*/SET SCHEMA PUBLIC
DISCONNECT
/*C265*/SET SCHEMA PUBLIC
DISCONNECT
/*C266*/SET SCHEMA PUBLIC
DISCONNECT
/*C267*/SET SCHEMA PUBLIC
DISCONNECT
/*C268*/SET SCHEMA PUBLIC
DISCONNECT
/*C269*/SET SCHEMA PUBLIC
DISCONNECT
/*C270*/SET SCHEMA PUBLIC
DISCONNECT
/*C271*/SET SCHEMA PUBLIC
DISCONNECT
/*C272*/SET SCHEMA PUBLIC
DISCONNECT
/*C273*/SET SCHEMA PUBLIC
DISCONNECT
/*C274*/SET SCHEMA PUBLIC
DISCONNECT
/*C1*/INSERT INTO LOB_IDS VALUES(41,74568,0,30)
ALTER SEQUENCE SYSTEM_LOBS.LOB_ID RESTART WITH 42
COMMIT
DELETE FROM BLOCKS WHERE BLOCK_ADDR=75
INSERT INTO BLOCKS VALUES(75,3,0)
INSERT INTO BLOCKS VALUES(78,2147483569,0)
DELETE FROM BLOCKS WHERE BLOCK_ADDR=75
INSERT INTO LOBS VALUES(75,3,0,41)
COMMIT
/*C275*/SET SCHEMA PUBLIC
INSERT INTO MYBACKUP VALUES(39,41,'2017-11-24','Jasper Cheng')
SET SCHEMA SYSTEM_LOBS
DELETE FROM LOB_IDS WHERE LOB_ID=41
INSERT INTO LOB_IDS VALUES(41,74568,1,30)
COMMIT
SET SCHEMA PUBLIC
DISCONNECT
/*C276*/SET SCHEMA PUBLIC
INSERT INTO MYLOG VALUES(34,'backup date 74568 byte successfully','2017-11-24','Jasper Cheng')
COMMIT
DISCONNECT
/*C1*/INSERT INTO LOB_IDS VALUES(42,74568,0,30)
ALTER SEQUENCE SYSTEM_LOBS.LOB_ID RESTART WITH 43
COMMIT
DELETE FROM BLOCKS WHERE BLOCK_ADDR=78
INSERT INTO BLOCKS VALUES(78,3,0)
INSERT INTO BLOCKS VALUES(81,2147483566,0)
DELETE FROM BLOCKS WHERE BLOCK_ADDR=78
INSERT INTO LOBS VALUES(78,3,0,42)
COMMIT
/*C277*/SET SCHEMA PUBLIC
INSERT INTO MYBACKUP VALUES(40,42,'2017-11-24','Jasper Cheng')
SET SCHEMA SYSTEM_LOBS
DELETE FROM LOB_IDS WHERE LOB_ID=42
INSERT INTO LOB_IDS VALUES(42,74568,1,30)
COMMIT
SET SCHEMA PUBLIC
DISCONNECT
/*C278*/SET SCHEMA PUBLIC
INSERT INTO MYLOG VALUES(35,'backup date 74568 byte successfully','2017-11-24','Jasper Cheng')
COMMIT
DISCONNECT
/*C1*/INSERT INTO LOB_IDS VALUES(43,74568,0,30)
ALTER SEQUENCE SYSTEM_LOBS.LOB_ID RESTART WITH 44
COMMIT
DELETE FROM BLOCKS WHERE BLOCK_ADDR=81
INSERT INTO BLOCKS VALUES(81,3,0)
INSERT INTO BLOCKS VALUES(84,2147483563,0)
DELETE FROM BLOCKS WHERE BLOCK_ADDR=81
INSERT INTO LOBS VALUES(81,3,0,43)
COMMIT
/*C279*/SET SCHEMA PUBLIC
INSERT INTO MYBACKUP VALUES(41,43,'2017-11-24','Jasper Cheng')
SET SCHEMA SYSTEM_LOBS
DELETE FROM LOB_IDS WHERE LOB_ID=43
INSERT INTO LOB_IDS VALUES(43,74568,1,30)
COMMIT
SET SCHEMA PUBLIC
DISCONNECT
/*C280*/SET SCHEMA PUBLIC
INSERT INTO MYLOG VALUES(36,'backup date 74568 byte successfully','2017-11-24','Jasper Cheng')
COMMIT
DISCONNECT
/*C1*/INSERT INTO LOB_IDS VALUES(44,8,0,30)
ALTER SEQUENCE SYSTEM_LOBS.LOB_ID RESTART WITH 45
COMMIT
DELETE FROM BLOCKS WHERE BLOCK_ADDR=84
INSERT INTO BLOCKS VALUES(84,1,0)
INSERT INTO BLOCKS VALUES(85,2147483562,0)
DELETE FROM BLOCKS WHERE BLOCK_ADDR=84
INSERT INTO LOBS VALUES(84,1,0,44)
COMMIT
/*C281*/SET SCHEMA PUBLIC
INSERT INTO MYBACKUP VALUES(42,44,'2017-11-24','Jasper Cheng')
SET SCHEMA SYSTEM_LOBS
DELETE FROM LOB_IDS WHERE LOB_ID=44
INSERT INTO LOB_IDS VALUES(44,8,1,30)
COMMIT
SET SCHEMA PUBLIC
DISCONNECT
/*C282*/SET SCHEMA PUBLIC
INSERT INTO MYLOG VALUES(37,'backup date 8 byte successfully','2017-11-24','Jasper Cheng')
COMMIT
DISCONNECT
/*C1*/INSERT INTO LOB_IDS VALUES(45,8,0,30)
ALTER SEQUENCE SYSTEM_LOBS.LOB_ID RESTART WITH 46
COMMIT
DELETE FROM BLOCKS WHERE BLOCK_ADDR=85
INSERT INTO BLOCKS VALUES(85,1,0)
INSERT INTO BLOCKS VALUES(86,2147483561,0)
DELETE FROM BLOCKS WHERE BLOCK_ADDR=85
INSERT INTO LOBS VALUES(85,1,0,45)
COMMIT
/*C283*/SET SCHEMA PUBLIC
INSERT INTO MYBACKUP VALUES(43,45,'2017-11-24','Jasper Cheng')
SET SCHEMA SYSTEM_LOBS
DELETE FROM LOB_IDS WHERE LOB_ID=45
INSERT INTO LOB_IDS VALUES(45,8,1,30)
COMMIT
SET SCHEMA PUBLIC
DISCONNECT
/*C284*/SET SCHEMA PUBLIC
INSERT INTO MYLOG VALUES(38,'backup date 8 byte successfully','2017-11-24','Jasper Cheng')
COMMIT
DISCONNECT
/*C1*/INSERT INTO LOB_IDS VALUES(46,8,0,30)
ALTER SEQUENCE SYSTEM_LOBS.LOB_ID RESTART WITH 47
COMMIT
DELETE FROM BLOCKS WHERE BLOCK_ADDR=86
INSERT INTO BLOCKS VALUES(86,1,0)
INSERT INTO BLOCKS VALUES(87,2147483560,0)
DELETE FROM BLOCKS WHERE BLOCK_ADDR=86
INSERT INTO LOBS VALUES(86,1,0,46)
COMMIT
/*C285*/SET SCHEMA PUBLIC
INSERT INTO MYBACKUP VALUES(44,46,'2017-11-24','Jasper Cheng')
SET SCHEMA SYSTEM_LOBS
DELETE FROM LOB_IDS WHERE LOB_ID=46
INSERT INTO LOB_IDS VALUES(46,8,1,30)
COMMIT
SET SCHEMA PUBLIC
DISCONNECT
/*C286*/SET SCHEMA PUBLIC
INSERT INTO MYLOG VALUES(39,'backup date 8 byte successfully','2017-11-24','Jasper Cheng')
COMMIT
DISCONNECT
/*C1*/INSERT INTO LOB_IDS VALUES(47,44848,0,30)
ALTER SEQUENCE SYSTEM_LOBS.LOB_ID RESTART WITH 48
COMMIT
DELETE FROM BLOCKS WHERE BLOCK_ADDR=87
INSERT INTO BLOCKS VALUES(87,2,0)
INSERT INTO BLOCKS VALUES(89,2147483558,0)
DELETE FROM BLOCKS WHERE BLOCK_ADDR=87
INSERT INTO LOBS VALUES(87,2,0,47)
COMMIT
/*C287*/SET SCHEMA PUBLIC
INSERT INTO MYBACKUP VALUES(45,47,'2017-11-24','Jasper Cheng')
SET SCHEMA SYSTEM_LOBS
DELETE FROM LOB_IDS WHERE LOB_ID=47
INSERT INTO LOB_IDS VALUES(47,44848,1,30)
COMMIT
SET SCHEMA PUBLIC
DISCONNECT
/*C288*/SET SCHEMA PUBLIC
INSERT INTO MYLOG VALUES(40,'backup date 44848 byte successfully','2017-11-24','Jasper Cheng')
COMMIT
DISCONNECT
/*C1*/INSERT INTO LOB_IDS VALUES(48,44848,0,30)
ALTER SEQUENCE SYSTEM_LOBS.LOB_ID RESTART WITH 49
COMMIT
DELETE FROM BLOCKS WHERE BLOCK_ADDR=89
INSERT INTO BLOCKS VALUES(89,2,0)
INSERT INTO BLOCKS VALUES(91,2147483556,0)
DELETE FROM BLOCKS WHERE BLOCK_ADDR=89
INSERT INTO LOBS VALUES(89,2,0,48)
COMMIT
/*C289*/SET SCHEMA PUBLIC
INSERT INTO MYBACKUP VALUES(46,48,'2017-11-24','Jasper Cheng')
SET SCHEMA SYSTEM_LOBS
DELETE FROM LOB_IDS WHERE LOB_ID=48
INSERT INTO LOB_IDS VALUES(48,44848,1,30)
COMMIT
SET SCHEMA PUBLIC
DISCONNECT
/*C290*/SET SCHEMA PUBLIC
INSERT INTO MYLOG VALUES(41,'backup date 44848 byte successfully','2017-11-24','Jasper Cheng')
COMMIT
DISCONNECT
/*C1*/INSERT INTO LOB_IDS VALUES(49,44848,0,30)
ALTER SEQUENCE SYSTEM_LOBS.LOB_ID RESTART WITH 50
COMMIT
DELETE FROM BLOCKS WHERE BLOCK_ADDR=91
INSERT INTO BLOCKS VALUES(91,2,0)
INSERT INTO BLOCKS VALUES(93,2147483554,0)
DELETE FROM BLOCKS WHERE BLOCK_ADDR=91
INSERT INTO LOBS VALUES(91,2,0,49)
COMMIT
/*C291*/SET SCHEMA PUBLIC
INSERT INTO MYBACKUP VALUES(47,49,'2017-11-24','Jasper Cheng')
SET SCHEMA SYSTEM_LOBS
DELETE FROM LOB_IDS WHERE LOB_ID=49
INSERT INTO LOB_IDS VALUES(49,44848,1,30)
COMMIT
SET SCHEMA PUBLIC
DISCONNECT
/*C292*/SET SCHEMA PUBLIC
INSERT INTO MYLOG VALUES(42,'backup date 44848 byte successfully','2017-11-24','Jasper Cheng')
COMMIT
DISCONNECT
/*C1*/INSERT INTO LOB_IDS VALUES(50,44848,0,30)
ALTER SEQUENCE SYSTEM_LOBS.LOB_ID RESTART WITH 51
COMMIT
DELETE FROM BLOCKS WHERE BLOCK_ADDR=93
INSERT INTO BLOCKS VALUES(93,2,0)
INSERT INTO BLOCKS VALUES(95,2147483552,0)
DELETE FROM BLOCKS WHERE BLOCK_ADDR=93
INSERT INTO LOBS VALUES(93,2,0,50)
COMMIT
/*C293*/SET SCHEMA PUBLIC
INSERT INTO MYBACKUP VALUES(48,50,'2017-11-24','Jasper Cheng')
SET SCHEMA SYSTEM_LOBS
DELETE FROM LOB_IDS WHERE LOB_ID=50
INSERT INTO LOB_IDS VALUES(50,44848,1,30)
COMMIT
SET SCHEMA PUBLIC
DISCONNECT
/*C294*/SET SCHEMA PUBLIC
INSERT INTO MYLOG VALUES(43,'backup date 44848 byte successfully','2017-11-24','Jasper Cheng')
COMMIT
DISCONNECT
/*C1*/INSERT INTO LOB_IDS VALUES(51,44848,0,30)
ALTER SEQUENCE SYSTEM_LOBS.LOB_ID RESTART WITH 52
COMMIT
DELETE FROM BLOCKS WHERE BLOCK_ADDR=95
INSERT INTO BLOCKS VALUES(95,2,0)
INSERT INTO BLOCKS VALUES(97,2147483550,0)
DELETE FROM BLOCKS WHERE BLOCK_ADDR=95
INSERT INTO LOBS VALUES(95,2,0,51)
COMMIT
/*C295*/SET SCHEMA PUBLIC
INSERT INTO MYBACKUP VALUES(49,51,'2017-11-24','Jasper Cheng')
SET SCHEMA SYSTEM_LOBS
DELETE FROM LOB_IDS WHERE LOB_ID=51
INSERT INTO LOB_IDS VALUES(51,44848,1,30)
COMMIT
SET SCHEMA PUBLIC
DISCONNECT
/*C296*/SET SCHEMA PUBLIC
INSERT INTO MYLOG VALUES(44,'backup date 44848 byte successfully','2017-11-24','Jasper Cheng')
COMMIT
DISCONNECT
/*C1*/INSERT INTO LOB_IDS VALUES(52,44848,0,30)
ALTER SEQUENCE SYSTEM_LOBS.LOB_ID RESTART WITH 53
COMMIT
DELETE FROM BLOCKS WHERE BLOCK_ADDR=97
INSERT INTO BLOCKS VALUES(97,2,0)
INSERT INTO BLOCKS VALUES(99,2147483548,0)
DELETE FROM BLOCKS WHERE BLOCK_ADDR=97
INSERT INTO LOBS VALUES(97,2,0,52)
COMMIT
/*C297*/SET SCHEMA PUBLIC
INSERT INTO MYBACKUP VALUES(50,52,'2017-11-24','Jasper Cheng')
SET SCHEMA SYSTEM_LOBS
DELETE FROM LOB_IDS WHERE LOB_ID=52
INSERT INTO LOB_IDS VALUES(52,44848,1,30)
COMMIT
SET SCHEMA PUBLIC
DISCONNECT
/*C298*/SET SCHEMA PUBLIC
INSERT INTO MYLOG VALUES(45,'backup date 44848 byte successfully','2017-11-24','Jasper Cheng')
COMMIT
DISCONNECT
/*C91*/DISCONNECT
/*C299*/SET SCHEMA PUBLIC
DISCONNECT
/*C302*/SET SCHEMA PUBLIC
DISCONNECT
/*C303*/SET SCHEMA PUBLIC
DISCONNECT
/*C304*/SET SCHEMA PUBLIC
DISCONNECT
/*C305*/SET SCHEMA PUBLIC
DISCONNECT
/*C306*/SET SCHEMA PUBLIC
DELETE FROM MYLOG WHERE ID=10
DELETE FROM MYLOG WHERE ID=11
DELETE FROM MYLOG WHERE ID=12
DELETE FROM MYLOG WHERE ID=13
DELETE FROM MYLOG WHERE ID=14
DELETE FROM MYLOG WHERE ID=15
DELETE FROM MYLOG WHERE ID=16
DELETE FROM MYLOG WHERE ID=17
DELETE FROM MYLOG WHERE ID=18
DELETE FROM MYLOG WHERE ID=19
DELETE FROM MYLOG WHERE ID=20
DELETE FROM MYLOG WHERE ID=21
DELETE FROM MYLOG WHERE ID=22
DELETE FROM MYLOG WHERE ID=23
DELETE FROM MYLOG WHERE ID=24
DELETE FROM MYLOG WHERE ID=25
DELETE FROM MYLOG WHERE ID=26
DELETE FROM MYLOG WHERE ID=27
DELETE FROM MYLOG WHERE ID=28
DELETE FROM MYLOG WHERE ID=29
DELETE FROM MYLOG WHERE ID=30
DELETE FROM MYLOG WHERE ID=31
DELETE FROM MYLOG WHERE ID=32
DELETE FROM MYLOG WHERE ID=33
DELETE FROM MYLOG WHERE ID=34
DELETE FROM MYLOG WHERE ID=35
DELETE FROM MYLOG WHERE ID=36
DELETE FROM MYLOG WHERE ID=37
DELETE FROM MYLOG WHERE ID=38
DELETE FROM MYLOG WHERE ID=39
DELETE FROM MYLOG WHERE ID=40
DELETE FROM MYLOG WHERE ID=41
DELETE FROM MYLOG WHERE ID=42
DELETE FROM MYLOG WHERE ID=43
DELETE FROM MYLOG WHERE ID=44
DELETE FROM MYLOG WHERE ID=45
COMMIT
DISCONNECT
/*C307*/SET SCHEMA PUBLIC
DELETE FROM MYBACKUP WHERE ID=16
DELETE FROM MYBACKUP WHERE ID=17
DELETE FROM MYBACKUP WHERE ID=18
DELETE FROM MYBACKUP WHERE ID=19
DELETE FROM MYBACKUP WHERE ID=20
DELETE FROM MYBACKUP WHERE ID=21
DELETE FROM MYBACKUP WHERE ID=22
DELETE FROM MYBACKUP WHERE ID=23
DELETE FROM MYBACKUP WHERE ID=24
DELETE FROM MYBACKUP WHERE ID=25
DELETE FROM MYBACKUP WHERE ID=26
DELETE FROM MYBACKUP WHERE ID=27
DELETE FROM MYBACKUP WHERE ID=28
DELETE FROM MYBACKUP WHERE ID=29
DELETE FROM MYBACKUP WHERE ID=30
DELETE FROM MYBACKUP WHERE ID=31
DELETE FROM MYBACKUP WHERE ID=32
DELETE FROM MYBACKUP WHERE ID=33
DELETE FROM MYBACKUP WHERE ID=34
DELETE FROM MYBACKUP WHERE ID=35
DELETE FROM MYBACKUP WHERE ID=36
DELETE FROM MYBACKUP WHERE ID=37
DELETE FROM MYBACKUP WHERE ID=38
DELETE FROM MYBACKUP WHERE ID=39
DELETE FROM MYBACKUP WHERE ID=40
DELETE FROM MYBACKUP WHERE ID=41
DELETE FROM MYBACKUP WHERE ID=42
DELETE FROM MYBACKUP WHERE ID=43
DELETE FROM MYBACKUP WHERE ID=44
DELETE FROM MYBACKUP WHERE ID=45
DELETE FROM MYBACKUP WHERE ID=46
DELETE FROM MYBACKUP WHERE ID=47
DELETE FROM MYBACKUP WHERE ID=48
DELETE FROM MYBACKUP WHERE ID=49
DELETE FROM MYBACKUP WHERE ID=50
SET SCHEMA SYSTEM_LOBS
DELETE FROM LOB_IDS WHERE LOB_ID=18
INSERT INTO LOB_IDS VALUES(18,74568,0,30)
DELETE FROM LOB_IDS WHERE LOB_ID=19
INSERT INTO LOB_IDS VALUES(19,74568,0,30)
DELETE FROM LOB_IDS WHERE LOB_ID=20
INSERT INTO LOB_IDS VALUES(20,74568,0,30)
DELETE FROM LOB_IDS WHERE LOB_ID=21
INSERT INTO LOB_IDS VALUES(21,8,0,30)
DELETE FROM LOB_IDS WHERE LOB_ID=22
INSERT INTO LOB_IDS VALUES(22,8,0,30)
DELETE FROM LOB_IDS WHERE LOB_ID=23
INSERT INTO LOB_IDS VALUES(23,8,0,30)
DELETE FROM LOB_IDS WHERE LOB_ID=24
INSERT INTO LOB_IDS VALUES(24,44848,0,30)
DELETE FROM LOB_IDS WHERE LOB_ID=25
INSERT INTO LOB_IDS VALUES(25,44848,0,30)
DELETE FROM LOB_IDS WHERE LOB_ID=26
INSERT INTO LOB_IDS VALUES(26,44848,0,30)
DELETE FROM LOB_IDS WHERE LOB_ID=27
INSERT INTO LOB_IDS VALUES(27,44848,0,30)
DELETE FROM LOB_IDS WHERE LOB_ID=28
INSERT INTO LOB_IDS VALUES(28,44848,0,30)
DELETE FROM LOB_IDS WHERE LOB_ID=29
INSERT INTO LOB_IDS VALUES(29,44848,0,30)
DELETE FROM LOB_IDS WHERE LOB_ID=30
INSERT INTO LOB_IDS VALUES(30,74568,0,30)
DELETE FROM LOB_IDS WHERE LOB_ID=31
INSERT INTO LOB_IDS VALUES(31,74568,0,30)
DELETE FROM LOB_IDS WHERE LOB_ID=32
INSERT INTO LOB_IDS VALUES(32,8,0,30)
DELETE FROM LOB_IDS WHERE LOB_ID=33
INSERT INTO LOB_IDS VALUES(33,8,0,30)
DELETE FROM LOB_IDS WHERE LOB_ID=34
INSERT INTO LOB_IDS VALUES(34,8,0,30)
DELETE FROM LOB_IDS WHERE LOB_ID=35
INSERT INTO LOB_IDS VALUES(35,44848,0,30)
DELETE FROM LOB_IDS WHERE LOB_ID=36
INSERT INTO LOB_IDS VALUES(36,44848,0,30)
DELETE FROM LOB_IDS WHERE LOB_ID=37
INSERT INTO LOB_IDS VALUES(37,44848,0,30)
DELETE FROM LOB_IDS WHERE LOB_ID=38
INSERT INTO LOB_IDS VALUES(38,44848,0,30)
DELETE FROM LOB_IDS WHERE LOB_ID=39
INSERT INTO LOB_IDS VALUES(39,44848,0,30)
DELETE FROM LOB_IDS WHERE LOB_ID=40
INSERT INTO LOB_IDS VALUES(40,44848,0,30)
DELETE FROM LOB_IDS WHERE LOB_ID=41
INSERT INTO LOB_IDS VALUES(41,74568,0,30)
DELETE FROM LOB_IDS WHERE LOB_ID=42
INSERT INTO LOB_IDS VALUES(42,74568,0,30)
DELETE FROM LOB_IDS WHERE LOB_ID=43
INSERT INTO LOB_IDS VALUES(43,74568,0,30)
DELETE FROM LOB_IDS WHERE LOB_ID=44
INSERT INTO LOB_IDS VALUES(44,8,0,30)
DELETE FROM LOB_IDS WHERE LOB_ID=45
INSERT INTO LOB_IDS VALUES(45,8,0,30)
DELETE FROM LOB_IDS WHERE LOB_ID=46
INSERT INTO LOB_IDS VALUES(46,8,0,30)
DELETE FROM LOB_IDS WHERE LOB_ID=47
INSERT INTO LOB_IDS VALUES(47,44848,0,30)
DELETE FROM LOB_IDS WHERE LOB_ID=48
INSERT INTO LOB_IDS VALUES(48,44848,0,30)
DELETE FROM LOB_IDS WHERE LOB_ID=49
INSERT INTO LOB_IDS VALUES(49,44848,0,30)
DELETE FROM LOB_IDS WHERE LOB_ID=50
INSERT INTO LOB_IDS VALUES(50,44848,0,30)
DELETE FROM LOB_IDS WHERE LOB_ID=51
INSERT INTO LOB_IDS VALUES(51,44848,0,30)
DELETE FROM LOB_IDS WHERE LOB_ID=52
INSERT INTO LOB_IDS VALUES(52,44848,0,30)
COMMIT
SET SCHEMA PUBLIC
DISCONNECT
/*C308*/SET SCHEMA PUBLIC
DISCONNECT
/*C309*/SET SCHEMA PUBLIC
DISCONNECT
/*C1*/INSERT INTO LOB_IDS VALUES(53,74568,0,30)
ALTER SEQUENCE SYSTEM_LOBS.LOB_ID RESTART WITH 54
COMMIT
DELETE FROM BLOCKS WHERE BLOCK_ADDR=99
INSERT INTO BLOCKS VALUES(99,3,0)
INSERT INTO BLOCKS VALUES(102,2147483545,0)
DELETE FROM BLOCKS WHERE BLOCK_ADDR=99
INSERT INTO LOBS VALUES(99,3,0,53)
COMMIT
/*C310*/SET SCHEMA PUBLIC
INSERT INTO MYBACKUP VALUES(51,53,'2017-11-24','Jasper Cheng')
SET SCHEMA SYSTEM_LOBS
DELETE FROM LOB_IDS WHERE LOB_ID=53
INSERT INTO LOB_IDS VALUES(53,74568,1,30)
COMMIT
SET SCHEMA PUBLIC
DISCONNECT
/*C311*/SET SCHEMA PUBLIC
INSERT INTO MYLOG VALUES(46,'backup date 74568 byte successfully','2017-11-24','Jasper Cheng')
COMMIT
DISCONNECT
/*C1*/INSERT INTO LOB_IDS VALUES(54,74568,0,30)
ALTER SEQUENCE SYSTEM_LOBS.LOB_ID RESTART WITH 55
COMMIT
DELETE FROM BLOCKS WHERE BLOCK_ADDR=102
INSERT INTO BLOCKS VALUES(102,3,0)
INSERT INTO BLOCKS VALUES(105,2147483542,0)
DELETE FROM BLOCKS WHERE BLOCK_ADDR=102
INSERT INTO LOBS VALUES(102,3,0,54)
COMMIT
/*C312*/SET SCHEMA PUBLIC
INSERT INTO MYBACKUP VALUES(52,54,'2017-11-24','Jasper Cheng')
SET SCHEMA SYSTEM_LOBS
DELETE FROM LOB_IDS WHERE LOB_ID=54
INSERT INTO LOB_IDS VALUES(54,74568,1,30)
COMMIT
SET SCHEMA PUBLIC
DISCONNECT
/*C313*/SET SCHEMA PUBLIC
INSERT INTO MYLOG VALUES(47,'backup date 74568 byte successfully','2017-11-24','Jasper Cheng')
COMMIT
DISCONNECT
/*C1*/INSERT INTO LOB_IDS VALUES(55,74568,0,30)
ALTER SEQUENCE SYSTEM_LOBS.LOB_ID RESTART WITH 56
COMMIT
DELETE FROM BLOCKS WHERE BLOCK_ADDR=105
INSERT INTO BLOCKS VALUES(105,3,0)
INSERT INTO BLOCKS VALUES(108,2147483539,0)
DELETE FROM BLOCKS WHERE BLOCK_ADDR=105
INSERT INTO LOBS VALUES(105,3,0,55)
COMMIT
/*C314*/SET SCHEMA PUBLIC
INSERT INTO MYBACKUP VALUES(53,55,'2017-11-24','Jasper Cheng')
SET SCHEMA SYSTEM_LOBS
DELETE FROM LOB_IDS WHERE LOB_ID=55
INSERT INTO LOB_IDS VALUES(55,74568,1,30)
COMMIT
SET SCHEMA PUBLIC
DISCONNECT
/*C315*/SET SCHEMA PUBLIC
INSERT INTO MYLOG VALUES(48,'backup date 74568 byte successfully','2017-11-24','Jasper Cheng')
COMMIT
DISCONNECT
/*C1*/INSERT INTO LOB_IDS VALUES(56,8,0,30)
ALTER SEQUENCE SYSTEM_LOBS.LOB_ID RESTART WITH 57
COMMIT
DELETE FROM BLOCKS WHERE BLOCK_ADDR=108
INSERT INTO BLOCKS VALUES(108,1,0)
INSERT INTO BLOCKS VALUES(109,2147483538,0)
DELETE FROM BLOCKS WHERE BLOCK_ADDR=108
INSERT INTO LOBS VALUES(108,1,0,56)
COMMIT
/*C316*/SET SCHEMA PUBLIC
INSERT INTO MYBACKUP VALUES(54,56,'2017-11-24','Jasper Cheng')
SET SCHEMA SYSTEM_LOBS
DELETE FROM LOB_IDS WHERE LOB_ID=56
INSERT INTO LOB_IDS VALUES(56,8,1,30)
COMMIT
SET SCHEMA PUBLIC
DISCONNECT
/*C317*/SET SCHEMA PUBLIC
INSERT INTO MYLOG VALUES(49,'backup date 8 byte successfully','2017-11-24','Jasper Cheng')
COMMIT
DISCONNECT
/*C1*/INSERT INTO LOB_IDS VALUES(57,8,0,30)
ALTER SEQUENCE SYSTEM_LOBS.LOB_ID RESTART WITH 58
COMMIT
DELETE FROM BLOCKS WHERE BLOCK_ADDR=109
INSERT INTO BLOCKS VALUES(109,1,0)
INSERT INTO BLOCKS VALUES(110,2147483537,0)
DELETE FROM BLOCKS WHERE BLOCK_ADDR=109
INSERT INTO LOBS VALUES(109,1,0,57)
COMMIT
/*C318*/SET SCHEMA PUBLIC
INSERT INTO MYBACKUP VALUES(55,57,'2017-11-24','Jasper Cheng')
SET SCHEMA SYSTEM_LOBS
DELETE FROM LOB_IDS WHERE LOB_ID=57
INSERT INTO LOB_IDS VALUES(57,8,1,30)
COMMIT
SET SCHEMA PUBLIC
DISCONNECT
/*C319*/SET SCHEMA PUBLIC
INSERT INTO MYLOG VALUES(50,'backup date 8 byte successfully','2017-11-24','Jasper Cheng')
COMMIT
DISCONNECT
/*C1*/INSERT INTO LOB_IDS VALUES(58,8,0,30)
ALTER SEQUENCE SYSTEM_LOBS.LOB_ID RESTART WITH 59
COMMIT
DELETE FROM BLOCKS WHERE BLOCK_ADDR=110
INSERT INTO BLOCKS VALUES(110,1,0)
INSERT INTO BLOCKS VALUES(111,2147483536,0)
DELETE FROM BLOCKS WHERE BLOCK_ADDR=110
INSERT INTO LOBS VALUES(110,1,0,58)
COMMIT
/*C320*/SET SCHEMA PUBLIC
INSERT INTO MYBACKUP VALUES(56,58,'2017-11-24','Jasper Cheng')
SET SCHEMA SYSTEM_LOBS
DELETE FROM LOB_IDS WHERE LOB_ID=58
INSERT INTO LOB_IDS VALUES(58,8,1,30)
COMMIT
SET SCHEMA PUBLIC
DISCONNECT
/*C321*/SET SCHEMA PUBLIC
INSERT INTO MYLOG VALUES(51,'backup date 8 byte successfully','2017-11-24','Jasper Cheng')
COMMIT
DISCONNECT
/*C1*/INSERT INTO LOB_IDS VALUES(59,44848,0,30)
ALTER SEQUENCE SYSTEM_LOBS.LOB_ID RESTART WITH 60
COMMIT
DELETE FROM BLOCKS WHERE BLOCK_ADDR=111
INSERT INTO BLOCKS VALUES(111,2,0)
INSERT INTO BLOCKS VALUES(113,2147483534,0)
DELETE FROM BLOCKS WHERE BLOCK_ADDR=111
INSERT INTO LOBS VALUES(111,2,0,59)
COMMIT
/*C322*/SET SCHEMA PUBLIC
INSERT INTO MYBACKUP VALUES(57,59,'2017-11-24','Jasper Cheng')
SET SCHEMA SYSTEM_LOBS
DELETE FROM LOB_IDS WHERE LOB_ID=59
INSERT INTO LOB_IDS VALUES(59,44848,1,30)
COMMIT
SET SCHEMA PUBLIC
DISCONNECT
/*C323*/SET SCHEMA PUBLIC
INSERT INTO MYLOG VALUES(52,'backup date 44848 byte successfully','2017-11-24','Jasper Cheng')
COMMIT
DISCONNECT
/*C1*/INSERT INTO LOB_IDS VALUES(60,44848,0,30)
ALTER SEQUENCE SYSTEM_LOBS.LOB_ID RESTART WITH 61
COMMIT
DELETE FROM BLOCKS WHERE BLOCK_ADDR=113
INSERT INTO BLOCKS VALUES(113,2,0)
INSERT INTO BLOCKS VALUES(115,2147483532,0)
DELETE FROM BLOCKS WHERE BLOCK_ADDR=113
INSERT INTO LOBS VALUES(113,2,0,60)
COMMIT
/*C324*/SET SCHEMA PUBLIC
INSERT INTO MYBACKUP VALUES(58,60,'2017-11-24','Jasper Cheng')
SET SCHEMA SYSTEM_LOBS
DELETE FROM LOB_IDS WHERE LOB_ID=60
INSERT INTO LOB_IDS VALUES(60,44848,1,30)
COMMIT
SET SCHEMA PUBLIC
DISCONNECT
/*C325*/SET SCHEMA PUBLIC
INSERT INTO MYLOG VALUES(53,'backup date 44848 byte successfully','2017-11-24','Jasper Cheng')
COMMIT
DISCONNECT
/*C1*/INSERT INTO LOB_IDS VALUES(61,44848,0,30)
ALTER SEQUENCE SYSTEM_LOBS.LOB_ID RESTART WITH 62
COMMIT
DELETE FROM BLOCKS WHERE BLOCK_ADDR=115
INSERT INTO BLOCKS VALUES(115,2,0)
INSERT INTO BLOCKS VALUES(117,2147483530,0)
DELETE FROM BLOCKS WHERE BLOCK_ADDR=115
INSERT INTO LOBS VALUES(115,2,0,61)
COMMIT
/*C326*/SET SCHEMA PUBLIC
INSERT INTO MYBACKUP VALUES(59,61,'2017-11-24','Jasper Cheng')
SET SCHEMA SYSTEM_LOBS
DELETE FROM LOB_IDS WHERE LOB_ID=61
INSERT INTO LOB_IDS VALUES(61,44848,1,30)
COMMIT
SET SCHEMA PUBLIC
DISCONNECT
/*C327*/SET SCHEMA PUBLIC
INSERT INTO MYLOG VALUES(54,'backup date 44848 byte successfully','2017-11-24','Jasper Cheng')
COMMIT
DISCONNECT
/*C1*/INSERT INTO LOB_IDS VALUES(62,44848,0,30)
ALTER SEQUENCE SYSTEM_LOBS.LOB_ID RESTART WITH 63
COMMIT
DELETE FROM BLOCKS WHERE BLOCK_ADDR=117
INSERT INTO BLOCKS VALUES(117,2,0)
INSERT INTO BLOCKS VALUES(119,2147483528,0)
DELETE FROM BLOCKS WHERE BLOCK_ADDR=117
INSERT INTO LOBS VALUES(117,2,0,62)
COMMIT
/*C328*/SET SCHEMA PUBLIC
INSERT INTO MYBACKUP VALUES(60,62,'2017-11-24','Jasper Cheng')
SET SCHEMA SYSTEM_LOBS
DELETE FROM LOB_IDS WHERE LOB_ID=62
INSERT INTO LOB_IDS VALUES(62,44848,1,30)
COMMIT
SET SCHEMA PUBLIC
DISCONNECT
/*C329*/SET SCHEMA PUBLIC
INSERT INTO MYLOG VALUES(55,'backup date 44848 byte successfully','2017-11-24','Jasper Cheng')
COMMIT
DISCONNECT
/*C1*/INSERT INTO LOB_IDS VALUES(63,44848,0,30)
ALTER SEQUENCE SYSTEM_LOBS.LOB_ID RESTART WITH 64
COMMIT
DELETE FROM BLOCKS WHERE BLOCK_ADDR=119
INSERT INTO BLOCKS VALUES(119,2,0)
INSERT INTO BLOCKS VALUES(121,2147483526,0)
DELETE FROM BLOCKS WHERE BLOCK_ADDR=119
INSERT INTO LOBS VALUES(119,2,0,63)
COMMIT
/*C330*/SET SCHEMA PUBLIC
INSERT INTO MYBACKUP VALUES(61,63,'2017-11-24','Jasper Cheng')
SET SCHEMA SYSTEM_LOBS
DELETE FROM LOB_IDS WHERE LOB_ID=63
INSERT INTO LOB_IDS VALUES(63,44848,1,30)
COMMIT
SET SCHEMA PUBLIC
DISCONNECT
/*C331*/SET SCHEMA PUBLIC
INSERT INTO MYLOG VALUES(56,'backup date 44848 byte successfully','2017-11-24','Jasper Cheng')
COMMIT
DISCONNECT
/*C1*/INSERT INTO LOB_IDS VALUES(64,44848,0,30)
ALTER SEQUENCE SYSTEM_LOBS.LOB_ID RESTART WITH 65
COMMIT
DELETE FROM BLOCKS WHERE BLOCK_ADDR=121
INSERT INTO BLOCKS VALUES(121,2,0)
INSERT INTO BLOCKS VALUES(123,2147483524,0)
DELETE FROM BLOCKS WHERE BLOCK_ADDR=121
INSERT INTO LOBS VALUES(121,2,0,64)
COMMIT
/*C332*/SET SCHEMA PUBLIC
INSERT INTO MYBACKUP VALUES(62,64,'2017-11-24','Jasper Cheng')
SET SCHEMA SYSTEM_LOBS
DELETE FROM LOB_IDS WHERE LOB_ID=64
INSERT INTO LOB_IDS VALUES(64,44848,1,30)
COMMIT
SET SCHEMA PUBLIC
DISCONNECT
/*C333*/SET SCHEMA PUBLIC
INSERT INTO MYLOG VALUES(57,'backup date 44848 byte successfully','2017-11-24','Jasper Cheng')
COMMIT
DISCONNECT
/*C334*/SET SCHEMA PUBLIC
DISCONNECT
/*C335*/SET SCHEMA PUBLIC
DISCONNECT
/*C336*/SET SCHEMA PUBLIC
DISCONNECT
/*C337*/SET SCHEMA PUBLIC
DISCONNECT
/*C338*/SET SCHEMA PUBLIC
DISCONNECT
/*C339*/SET SCHEMA PUBLIC
DISCONNECT
/*C340*/SET SCHEMA PUBLIC
DISCONNECT
/*C341*/SET SCHEMA PUBLIC
DISCONNECT
/*C342*/SET SCHEMA PUBLIC
DISCONNECT
/*C343*/SET SCHEMA PUBLIC
DISCONNECT
/*C344*/SET SCHEMA PUBLIC
DISCONNECT
/*C345*/SET SCHEMA PUBLIC
DISCONNECT
/*C346*/SET SCHEMA PUBLIC
DISCONNECT
/*C347*/SET SCHEMA PUBLIC
DISCONNECT
/*C348*/SET SCHEMA PUBLIC
DISCONNECT
/*C349*/SET SCHEMA PUBLIC
DISCONNECT
/*C350*/SET SCHEMA PUBLIC
DISCONNECT
/*C351*/SET SCHEMA PUBLIC
DISCONNECT
/*C352*/SET SCHEMA PUBLIC
DISCONNECT
/*C1*/INSERT INTO LOB_IDS VALUES(65,74568,0,30)
ALTER SEQUENCE SYSTEM_LOBS.LOB_ID RESTART WITH 66
COMMIT
DELETE FROM BLOCKS WHERE BLOCK_ADDR=123
INSERT INTO BLOCKS VALUES(123,3,0)
INSERT INTO BLOCKS VALUES(126,2147483521,0)
DELETE FROM BLOCKS WHERE BLOCK_ADDR=123
INSERT INTO LOBS VALUES(123,3,0,65)
COMMIT
/*C353*/SET SCHEMA PUBLIC
INSERT INTO MYBACKUP VALUES(63,65,'2017-11-24','Jasper Cheng')
SET SCHEMA SYSTEM_LOBS
DELETE FROM LOB_IDS WHERE LOB_ID=65
INSERT INTO LOB_IDS VALUES(65,74568,1,30)
COMMIT
SET SCHEMA PUBLIC
DISCONNECT
/*C354*/SET SCHEMA PUBLIC
INSERT INTO MYLOG VALUES(58,'backup date 74568 byte successfully','2017-11-24','Jasper Cheng')
COMMIT
DISCONNECT
/*C1*/INSERT INTO LOB_IDS VALUES(66,74568,0,30)
ALTER SEQUENCE SYSTEM_LOBS.LOB_ID RESTART WITH 67
COMMIT
DELETE FROM BLOCKS WHERE BLOCK_ADDR=126
INSERT INTO BLOCKS VALUES(126,3,0)
INSERT INTO BLOCKS VALUES(129,2147483518,0)
DELETE FROM BLOCKS WHERE BLOCK_ADDR=126
INSERT INTO LOBS VALUES(126,3,0,66)
COMMIT
/*C355*/SET SCHEMA PUBLIC
INSERT INTO MYBACKUP VALUES(64,66,'2017-11-24','Jasper Cheng')
SET SCHEMA SYSTEM_LOBS
DELETE FROM LOB_IDS WHERE LOB_ID=66
INSERT INTO LOB_IDS VALUES(66,74568,1,30)
COMMIT
SET SCHEMA PUBLIC
DISCONNECT
/*C356*/SET SCHEMA PUBLIC
INSERT INTO MYLOG VALUES(59,'backup date 74568 byte successfully','2017-11-24','Jasper Cheng')
COMMIT
DISCONNECT
/*C1*/INSERT INTO LOB_IDS VALUES(67,74568,0,30)
ALTER SEQUENCE SYSTEM_LOBS.LOB_ID RESTART WITH 68
COMMIT
DELETE FROM BLOCKS WHERE BLOCK_ADDR=129
INSERT INTO BLOCKS VALUES(129,3,0)
INSERT INTO BLOCKS VALUES(132,2147483515,0)
DELETE FROM BLOCKS WHERE BLOCK_ADDR=129
INSERT INTO LOBS VALUES(129,3,0,67)
COMMIT
/*C357*/SET SCHEMA PUBLIC
INSERT INTO MYBACKUP VALUES(65,67,'2017-11-24','Jasper Cheng')
SET SCHEMA SYSTEM_LOBS
DELETE FROM LOB_IDS WHERE LOB_ID=67
INSERT INTO LOB_IDS VALUES(67,74568,1,30)
COMMIT
SET SCHEMA PUBLIC
DISCONNECT
/*C358*/SET SCHEMA PUBLIC
INSERT INTO MYLOG VALUES(60,'backup date 74568 byte successfully','2017-11-24','Jasper Cheng')
COMMIT
DISCONNECT
/*C1*/INSERT INTO LOB_IDS VALUES(68,8,0,30)
ALTER SEQUENCE SYSTEM_LOBS.LOB_ID RESTART WITH 69
COMMIT
DELETE FROM BLOCKS WHERE BLOCK_ADDR=132
INSERT INTO BLOCKS VALUES(132,1,0)
INSERT INTO BLOCKS VALUES(133,2147483514,0)
DELETE FROM BLOCKS WHERE BLOCK_ADDR=132
INSERT INTO LOBS VALUES(132,1,0,68)
COMMIT
/*C359*/SET SCHEMA PUBLIC
INSERT INTO MYBACKUP VALUES(66,68,'2017-11-24','Jasper Cheng')
SET SCHEMA SYSTEM_LOBS
DELETE FROM LOB_IDS WHERE LOB_ID=68
INSERT INTO LOB_IDS VALUES(68,8,1,30)
COMMIT
SET SCHEMA PUBLIC
DISCONNECT
/*C360*/SET SCHEMA PUBLIC
INSERT INTO MYLOG VALUES(61,'backup date 8 byte successfully','2017-11-24','Jasper Cheng')
COMMIT
DISCONNECT
/*C1*/INSERT INTO LOB_IDS VALUES(69,8,0,30)
ALTER SEQUENCE SYSTEM_LOBS.LOB_ID RESTART WITH 70
COMMIT
DELETE FROM BLOCKS WHERE BLOCK_ADDR=133
INSERT INTO BLOCKS VALUES(133,1,0)
INSERT INTO BLOCKS VALUES(134,2147483513,0)
DELETE FROM BLOCKS WHERE BLOCK_ADDR=133
INSERT INTO LOBS VALUES(133,1,0,69)
COMMIT
/*C361*/SET SCHEMA PUBLIC
INSERT INTO MYBACKUP VALUES(67,69,'2017-11-24','Jasper Cheng')
SET SCHEMA SYSTEM_LOBS
DELETE FROM LOB_IDS WHERE LOB_ID=69
INSERT INTO LOB_IDS VALUES(69,8,1,30)
COMMIT
SET SCHEMA PUBLIC
DISCONNECT
/*C362*/SET SCHEMA PUBLIC
INSERT INTO MYLOG VALUES(62,'backup date 8 byte successfully','2017-11-24','Jasper Cheng')
COMMIT
DISCONNECT
/*C1*/INSERT INTO LOB_IDS VALUES(70,8,0,30)
ALTER SEQUENCE SYSTEM_LOBS.LOB_ID RESTART WITH 71
COMMIT
DELETE FROM BLOCKS WHERE BLOCK_ADDR=134
INSERT INTO BLOCKS VALUES(134,1,0)
INSERT INTO BLOCKS VALUES(135,2147483512,0)
DELETE FROM BLOCKS WHERE BLOCK_ADDR=134
INSERT INTO LOBS VALUES(134,1,0,70)
COMMIT
/*C363*/SET SCHEMA PUBLIC
INSERT INTO MYBACKUP VALUES(68,70,'2017-11-24','Jasper Cheng')
SET SCHEMA SYSTEM_LOBS
DELETE FROM LOB_IDS WHERE LOB_ID=70
INSERT INTO LOB_IDS VALUES(70,8,1,30)
COMMIT
SET SCHEMA PUBLIC
DISCONNECT
/*C364*/SET SCHEMA PUBLIC
INSERT INTO MYLOG VALUES(63,'backup date 8 byte successfully','2017-11-24','Jasper Cheng')
COMMIT
DISCONNECT
/*C1*/INSERT INTO LOB_IDS VALUES(71,44848,0,30)
ALTER SEQUENCE SYSTEM_LOBS.LOB_ID RESTART WITH 72
COMMIT
DELETE FROM BLOCKS WHERE BLOCK_ADDR=135
INSERT INTO BLOCKS VALUES(135,2,0)
INSERT INTO BLOCKS VALUES(137,2147483510,0)
DELETE FROM BLOCKS WHERE BLOCK_ADDR=135
INSERT INTO LOBS VALUES(135,2,0,71)
COMMIT
/*C365*/SET SCHEMA PUBLIC
INSERT INTO MYBACKUP VALUES(69,71,'2017-11-24','Jasper Cheng')
SET SCHEMA SYSTEM_LOBS
DELETE FROM LOB_IDS WHERE LOB_ID=71
INSERT INTO LOB_IDS VALUES(71,44848,1,30)
COMMIT
SET SCHEMA PUBLIC
DISCONNECT
/*C366*/SET SCHEMA PUBLIC
INSERT INTO MYLOG VALUES(64,'backup date 44848 byte successfully','2017-11-24','Jasper Cheng')
COMMIT
DISCONNECT
/*C1*/INSERT INTO LOB_IDS VALUES(72,44848,0,30)
ALTER SEQUENCE SYSTEM_LOBS.LOB_ID RESTART WITH 73
COMMIT
DELETE FROM BLOCKS WHERE BLOCK_ADDR=137
INSERT INTO BLOCKS VALUES(137,2,0)
INSERT INTO BLOCKS VALUES(139,2147483508,0)
DELETE FROM BLOCKS WHERE BLOCK_ADDR=137
INSERT INTO LOBS VALUES(137,2,0,72)
COMMIT
/*C367*/SET SCHEMA PUBLIC
INSERT INTO MYBACKUP VALUES(70,72,'2017-11-24','Jasper Cheng')
SET SCHEMA SYSTEM_LOBS
DELETE FROM LOB_IDS WHERE LOB_ID=72
INSERT INTO LOB_IDS VALUES(72,44848,1,30)
COMMIT
SET SCHEMA PUBLIC
DISCONNECT
/*C368*/SET SCHEMA PUBLIC
INSERT INTO MYLOG VALUES(65,'backup date 44848 byte successfully','2017-11-24','Jasper Cheng')
COMMIT
DISCONNECT
/*C1*/INSERT INTO LOB_IDS VALUES(73,44848,0,30)
ALTER SEQUENCE SYSTEM_LOBS.LOB_ID RESTART WITH 74
COMMIT
DELETE FROM BLOCKS WHERE BLOCK_ADDR=139
INSERT INTO BLOCKS VALUES(139,2,0)
INSERT INTO BLOCKS VALUES(141,2147483506,0)
DELETE FROM BLOCKS WHERE BLOCK_ADDR=139
INSERT INTO LOBS VALUES(139,2,0,73)
COMMIT
/*C369*/SET SCHEMA PUBLIC
INSERT INTO MYBACKUP VALUES(71,73,'2017-11-24','Jasper Cheng')
SET SCHEMA SYSTEM_LOBS
DELETE FROM LOB_IDS WHERE LOB_ID=73
INSERT INTO LOB_IDS VALUES(73,44848,1,30)
COMMIT
SET SCHEMA PUBLIC
DISCONNECT
/*C370*/SET SCHEMA PUBLIC
INSERT INTO MYLOG VALUES(66,'backup date 44848 byte successfully','2017-11-24','Jasper Cheng')
COMMIT
DISCONNECT
/*C1*/INSERT INTO LOB_IDS VALUES(74,44848,0,30)
ALTER SEQUENCE SYSTEM_LOBS.LOB_ID RESTART WITH 75
COMMIT
DELETE FROM BLOCKS WHERE BLOCK_ADDR=141
INSERT INTO BLOCKS VALUES(141,2,0)
INSERT INTO BLOCKS VALUES(143,2147483504,0)
DELETE FROM BLOCKS WHERE BLOCK_ADDR=141
INSERT INTO LOBS VALUES(141,2,0,74)
COMMIT
/*C371*/SET SCHEMA PUBLIC
INSERT INTO MYBACKUP VALUES(72,74,'2017-11-24','Jasper Cheng')
SET SCHEMA SYSTEM_LOBS
DELETE FROM LOB_IDS WHERE LOB_ID=74
INSERT INTO LOB_IDS VALUES(74,44848,1,30)
COMMIT
SET SCHEMA PUBLIC
DISCONNECT
/*C372*/SET SCHEMA PUBLIC
INSERT INTO MYLOG VALUES(67,'backup date 44848 byte successfully','2017-11-24','Jasper Cheng')
COMMIT
DISCONNECT
/*C1*/INSERT INTO LOB_IDS VALUES(75,44848,0,30)
ALTER SEQUENCE SYSTEM_LOBS.LOB_ID RESTART WITH 76
COMMIT
DELETE FROM BLOCKS WHERE BLOCK_ADDR=143
INSERT INTO BLOCKS VALUES(143,2,0)
INSERT INTO BLOCKS VALUES(145,2147483502,0)
DELETE FROM BLOCKS WHERE BLOCK_ADDR=143
INSERT INTO LOBS VALUES(143,2,0,75)
COMMIT
/*C373*/SET SCHEMA PUBLIC
INSERT INTO MYBACKUP VALUES(73,75,'2017-11-24','Jasper Cheng')
SET SCHEMA SYSTEM_LOBS
DELETE FROM LOB_IDS WHERE LOB_ID=75
INSERT INTO LOB_IDS VALUES(75,44848,1,30)
COMMIT
SET SCHEMA PUBLIC
DISCONNECT
/*C374*/SET SCHEMA PUBLIC
INSERT INTO MYLOG VALUES(68,'backup date 44848 byte successfully','2017-11-24','Jasper Cheng')
COMMIT
DISCONNECT
/*C1*/INSERT INTO LOB_IDS VALUES(76,44848,0,30)
ALTER SEQUENCE SYSTEM_LOBS.LOB_ID RESTART WITH 77
COMMIT
DELETE FROM BLOCKS WHERE BLOCK_ADDR=145
INSERT INTO BLOCKS VALUES(145,2,0)
INSERT INTO BLOCKS VALUES(147,2147483500,0)
DELETE FROM BLOCKS WHERE BLOCK_ADDR=145
INSERT INTO LOBS VALUES(145,2,0,76)
COMMIT
/*C375*/SET SCHEMA PUBLIC
INSERT INTO MYBACKUP VALUES(74,76,'2017-11-24','Jasper Cheng')
SET SCHEMA SYSTEM_LOBS
DELETE FROM LOB_IDS WHERE LOB_ID=76
INSERT INTO LOB_IDS VALUES(76,44848,1,30)
COMMIT
SET SCHEMA PUBLIC
DISCONNECT
/*C376*/SET SCHEMA PUBLIC
INSERT INTO MYLOG VALUES(69,'backup date 44848 byte successfully','2017-11-24','Jasper Cheng')
COMMIT
DISCONNECT
/*C1*/INSERT INTO LOB_IDS VALUES(77,74568,0,30)
ALTER SEQUENCE SYSTEM_LOBS.LOB_ID RESTART WITH 78
COMMIT
DELETE FROM BLOCKS WHERE BLOCK_ADDR=147
INSERT INTO BLOCKS VALUES(147,3,0)
INSERT INTO BLOCKS VALUES(150,2147483497,0)
DELETE FROM BLOCKS WHERE BLOCK_ADDR=147
INSERT INTO LOBS VALUES(147,3,0,77)
COMMIT
/*C377*/SET SCHEMA PUBLIC
INSERT INTO MYBACKUP VALUES(75,77,'2017-11-24','Jasper Cheng')
SET SCHEMA SYSTEM_LOBS
DELETE FROM LOB_IDS WHERE LOB_ID=77
INSERT INTO LOB_IDS VALUES(77,74568,1,30)
COMMIT
SET SCHEMA PUBLIC
DISCONNECT
/*C378*/SET SCHEMA PUBLIC
INSERT INTO MYLOG VALUES(70,'backup data name: senao size: 74568 byte successfully','2017-11-24','Jasper Cheng')
COMMIT
DISCONNECT
/*C1*/INSERT INTO LOB_IDS VALUES(78,74568,0,30)
ALTER SEQUENCE SYSTEM_LOBS.LOB_ID RESTART WITH 79
COMMIT
DELETE FROM BLOCKS WHERE BLOCK_ADDR=150
INSERT INTO BLOCKS VALUES(150,3,0)
INSERT INTO BLOCKS VALUES(153,2147483494,0)
DELETE FROM BLOCKS WHERE BLOCK_ADDR=150
INSERT INTO LOBS VALUES(150,3,0,78)
COMMIT
/*C379*/SET SCHEMA PUBLIC
INSERT INTO MYBACKUP VALUES(76,78,'2017-11-24','Jasper Cheng')
SET SCHEMA SYSTEM_LOBS
DELETE FROM LOB_IDS WHERE LOB_ID=78
INSERT INTO LOB_IDS VALUES(78,74568,1,30)
COMMIT
SET SCHEMA PUBLIC
DISCONNECT
/*C380*/SET SCHEMA PUBLIC
INSERT INTO MYLOG VALUES(71,'backup data name: subdir\senao size: 74568 byte successfully','2017-11-24','Jasper Cheng')
COMMIT
DISCONNECT
/*C1*/INSERT INTO LOB_IDS VALUES(79,74568,0,30)
ALTER SEQUENCE SYSTEM_LOBS.LOB_ID RESTART WITH 80
COMMIT
DELETE FROM BLOCKS WHERE BLOCK_ADDR=153
INSERT INTO BLOCKS VALUES(153,3,0)
INSERT INTO BLOCKS VALUES(156,2147483491,0)
DELETE FROM BLOCKS WHERE BLOCK_ADDR=153
INSERT INTO LOBS VALUES(153,3,0,79)
COMMIT
/*C381*/SET SCHEMA PUBLIC
INSERT INTO MYBACKUP VALUES(77,79,'2017-11-24','Jasper Cheng')
SET SCHEMA SYSTEM_LOBS
DELETE FROM LOB_IDS WHERE LOB_ID=79
INSERT INTO LOB_IDS VALUES(79,74568,1,30)
COMMIT
SET SCHEMA PUBLIC
DISCONNECT
/*C382*/SET SCHEMA PUBLIC
INSERT INTO MYLOG VALUES(72,'backup data name: subdir\subdir\senao size: 74568 byte successfully','2017-11-24','Jasper Cheng')
COMMIT
DISCONNECT
/*C1*/INSERT INTO LOB_IDS VALUES(80,8,0,30)
ALTER SEQUENCE SYSTEM_LOBS.LOB_ID RESTART WITH 81
COMMIT
DELETE FROM BLOCKS WHERE BLOCK_ADDR=156
INSERT INTO BLOCKS VALUES(156,1,0)
INSERT INTO BLOCKS VALUES(157,2147483490,0)
DELETE FROM BLOCKS WHERE BLOCK_ADDR=156
INSERT INTO LOBS VALUES(156,1,0,80)
COMMIT
/*C383*/SET SCHEMA PUBLIC
INSERT INTO MYBACKUP VALUES(78,80,'2017-11-24','Jasper Cheng')
SET SCHEMA SYSTEM_LOBS
DELETE FROM LOB_IDS WHERE LOB_ID=80
INSERT INTO LOB_IDS VALUES(80,8,1,30)
COMMIT
SET SCHEMA PUBLIC
DISCONNECT
/*C384*/SET SCHEMA PUBLIC
INSERT INTO MYLOG VALUES(73,'backup data name: forTestingMigration size: 8 byte successfully','2017-11-24','Jasper Cheng')
COMMIT
DISCONNECT
/*C1*/INSERT INTO LOB_IDS VALUES(81,8,0,30)
ALTER SEQUENCE SYSTEM_LOBS.LOB_ID RESTART WITH 82
COMMIT
DELETE FROM BLOCKS WHERE BLOCK_ADDR=157
INSERT INTO BLOCKS VALUES(157,1,0)
INSERT INTO BLOCKS VALUES(158,2147483489,0)
DELETE FROM BLOCKS WHERE BLOCK_ADDR=157
INSERT INTO LOBS VALUES(157,1,0,81)
COMMIT
/*C385*/SET SCHEMA PUBLIC
INSERT INTO MYBACKUP VALUES(79,81,'2017-11-24','Jasper Cheng')
SET SCHEMA SYSTEM_LOBS
DELETE FROM LOB_IDS WHERE LOB_ID=81
INSERT INTO LOB_IDS VALUES(81,8,1,30)
COMMIT
SET SCHEMA PUBLIC
DISCONNECT
/*C386*/SET SCHEMA PUBLIC
INSERT INTO MYLOG VALUES(74,'backup data name: subdir\forTestingMigration size: 8 byte successfully','2017-11-24','Jasper Cheng')
COMMIT
DISCONNECT
/*C1*/INSERT INTO LOB_IDS VALUES(82,8,0,30)
ALTER SEQUENCE SYSTEM_LOBS.LOB_ID RESTART WITH 83
COMMIT
DELETE FROM BLOCKS WHERE BLOCK_ADDR=158
INSERT INTO BLOCKS VALUES(158,1,0)
INSERT INTO BLOCKS VALUES(159,2147483488,0)
DELETE FROM BLOCKS WHERE BLOCK_ADDR=158
INSERT INTO LOBS VALUES(158,1,0,82)
COMMIT
/*C387*/SET SCHEMA PUBLIC
INSERT INTO MYBACKUP VALUES(80,82,'2017-11-24','Jasper Cheng')
SET SCHEMA SYSTEM_LOBS
DELETE FROM LOB_IDS WHERE LOB_ID=82
INSERT INTO LOB_IDS VALUES(82,8,1,30)
COMMIT
SET SCHEMA PUBLIC
DISCONNECT
/*C388*/SET SCHEMA PUBLIC
INSERT INTO MYLOG VALUES(75,'backup data name: subdir\subdir\forTestingMigration size: 8 byte successfully','2017-11-24','Jasper Cheng')
COMMIT
DISCONNECT
/*C1*/INSERT INTO LOB_IDS VALUES(83,44848,0,30)
ALTER SEQUENCE SYSTEM_LOBS.LOB_ID RESTART WITH 84
COMMIT
DELETE FROM BLOCKS WHERE BLOCK_ADDR=159
INSERT INTO BLOCKS VALUES(159,2,0)
INSERT INTO BLOCKS VALUES(161,2147483486,0)
DELETE FROM BLOCKS WHERE BLOCK_ADDR=159
INSERT INTO LOBS VALUES(159,2,0,83)
COMMIT
/*C389*/SET SCHEMA PUBLIC
INSERT INTO MYBACKUP VALUES(81,83,'2017-11-24','Jasper Cheng')
SET SCHEMA SYSTEM_LOBS
DELETE FROM LOB_IDS WHERE LOB_ID=83
INSERT INTO LOB_IDS VALUES(83,44848,1,30)
COMMIT
SET SCHEMA PUBLIC
DISCONNECT
/*C390*/SET SCHEMA PUBLIC
INSERT INTO MYLOG VALUES(76,'backup data name: duke size: 44848 byte successfully','2017-11-24','Jasper Cheng')
COMMIT
DISCONNECT
/*C1*/INSERT INTO LOB_IDS VALUES(84,44848,0,30)
ALTER SEQUENCE SYSTEM_LOBS.LOB_ID RESTART WITH 85
COMMIT
DELETE FROM BLOCKS WHERE BLOCK_ADDR=161
INSERT INTO BLOCKS VALUES(161,2,0)
INSERT INTO BLOCKS VALUES(163,2147483484,0)
DELETE FROM BLOCKS WHERE BLOCK_ADDR=161
INSERT INTO LOBS VALUES(161,2,0,84)
COMMIT
/*C391*/SET SCHEMA PUBLIC
INSERT INTO MYBACKUP VALUES(82,84,'2017-11-24','Jasper Cheng')
SET SCHEMA SYSTEM_LOBS
DELETE FROM LOB_IDS WHERE LOB_ID=84
INSERT INTO LOB_IDS VALUES(84,44848,1,30)
COMMIT
SET SCHEMA PUBLIC
DISCONNECT
/*C392*/SET SCHEMA PUBLIC
INSERT INTO MYLOG VALUES(77,'backup data name: subdir\duke size: 44848 byte successfully','2017-11-24','Jasper Cheng')
COMMIT
DISCONNECT
/*C1*/INSERT INTO LOB_IDS VALUES(85,44848,0,30)
ALTER SEQUENCE SYSTEM_LOBS.LOB_ID RESTART WITH 86
COMMIT
DELETE FROM BLOCKS WHERE BLOCK_ADDR=163
INSERT INTO BLOCKS VALUES(163,2,0)
INSERT INTO BLOCKS VALUES(165,2147483482,0)
DELETE FROM BLOCKS WHERE BLOCK_ADDR=163
INSERT INTO LOBS VALUES(163,2,0,85)
COMMIT
/*C393*/SET SCHEMA PUBLIC
INSERT INTO MYBACKUP VALUES(83,85,'2017-11-24','Jasper Cheng')
SET SCHEMA SYSTEM_LOBS
DELETE FROM LOB_IDS WHERE LOB_ID=85
INSERT INTO LOB_IDS VALUES(85,44848,1,30)
COMMIT
SET SCHEMA PUBLIC
DISCONNECT
/*C394*/SET SCHEMA PUBLIC
INSERT INTO MYLOG VALUES(78,'backup data name: subdir\subdir\duke size: 44848 byte successfully','2017-11-24','Jasper Cheng')
COMMIT
DISCONNECT
/*C1*/INSERT INTO LOB_IDS VALUES(86,74568,0,30)
ALTER SEQUENCE SYSTEM_LOBS.LOB_ID RESTART WITH 87
COMMIT
DELETE FROM BLOCKS WHERE BLOCK_ADDR=165
INSERT INTO BLOCKS VALUES(165,3,0)
INSERT INTO BLOCKS VALUES(168,2147483479,0)
DELETE FROM BLOCKS WHERE BLOCK_ADDR=165
INSERT INTO LOBS VALUES(165,3,0,86)
COMMIT
/*C395*/SET SCHEMA PUBLIC
INSERT INTO MYBACKUP VALUES(84,86,'2017-11-24','Jasper Cheng')
SET SCHEMA SYSTEM_LOBS
DELETE FROM LOB_IDS WHERE LOB_ID=86
INSERT INTO LOB_IDS VALUES(86,74568,1,30)
COMMIT
SET SCHEMA PUBLIC
DISCONNECT
/*C396*/SET SCHEMA PUBLIC
INSERT INTO MYLOG VALUES(79,'backup data name: senao size: 74568 byte successfully','2017-11-24','Jasper Cheng')
COMMIT
DISCONNECT
/*C1*/INSERT INTO LOB_IDS VALUES(87,74568,0,30)
ALTER SEQUENCE SYSTEM_LOBS.LOB_ID RESTART WITH 88
COMMIT
DELETE FROM BLOCKS WHERE BLOCK_ADDR=168
INSERT INTO BLOCKS VALUES(168,3,0)
INSERT INTO BLOCKS VALUES(171,2147483476,0)
DELETE FROM BLOCKS WHERE BLOCK_ADDR=168
INSERT INTO LOBS VALUES(168,3,0,87)
COMMIT
/*C397*/SET SCHEMA PUBLIC
INSERT INTO MYBACKUP VALUES(85,87,'2017-11-24','Jasper Cheng')
SET SCHEMA SYSTEM_LOBS
DELETE FROM LOB_IDS WHERE LOB_ID=87
INSERT INTO LOB_IDS VALUES(87,74568,1,30)
COMMIT
SET SCHEMA PUBLIC
DISCONNECT
/*C398*/SET SCHEMA PUBLIC
INSERT INTO MYLOG VALUES(80,'backup data name: subdir\senao size: 74568 byte successfully','2017-11-24','Jasper Cheng')
COMMIT
DISCONNECT
/*C1*/INSERT INTO LOB_IDS VALUES(88,74568,0,30)
ALTER SEQUENCE SYSTEM_LOBS.LOB_ID RESTART WITH 89
COMMIT
DELETE FROM BLOCKS WHERE BLOCK_ADDR=171
INSERT INTO BLOCKS VALUES(171,3,0)
INSERT INTO BLOCKS VALUES(174,2147483473,0)
DELETE FROM BLOCKS WHERE BLOCK_ADDR=171
INSERT INTO LOBS VALUES(171,3,0,88)
COMMIT
/*C399*/SET SCHEMA PUBLIC
INSERT INTO MYBACKUP VALUES(86,88,'2017-11-24','Jasper Cheng')
SET SCHEMA SYSTEM_LOBS
DELETE FROM LOB_IDS WHERE LOB_ID=88
INSERT INTO LOB_IDS VALUES(88,74568,1,30)
COMMIT
SET SCHEMA PUBLIC
DISCONNECT
/*C400*/SET SCHEMA PUBLIC
INSERT INTO MYLOG VALUES(81,'backup data name: subdir\subdir\senao size: 74568 byte successfully','2017-11-24','Jasper Cheng')
COMMIT
DISCONNECT
/*C1*/INSERT INTO LOB_IDS VALUES(89,8,0,30)
ALTER SEQUENCE SYSTEM_LOBS.LOB_ID RESTART WITH 90
COMMIT
DELETE FROM BLOCKS WHERE BLOCK_ADDR=174
INSERT INTO BLOCKS VALUES(174,1,0)
INSERT INTO BLOCKS VALUES(175,2147483472,0)
DELETE FROM BLOCKS WHERE BLOCK_ADDR=174
INSERT INTO LOBS VALUES(174,1,0,89)
COMMIT
/*C401*/SET SCHEMA PUBLIC
INSERT INTO MYBACKUP VALUES(87,89,'2017-11-24','Jasper Cheng')
SET SCHEMA SYSTEM_LOBS
DELETE FROM LOB_IDS WHERE LOB_ID=89
INSERT INTO LOB_IDS VALUES(89,8,1,30)
COMMIT
SET SCHEMA PUBLIC
DISCONNECT
/*C402*/SET SCHEMA PUBLIC
INSERT INTO MYLOG VALUES(82,'backup data name: forTestingMigration size: 8 byte successfully','2017-11-24','Jasper Cheng')
COMMIT
DISCONNECT
/*C1*/INSERT INTO LOB_IDS VALUES(90,8,0,30)
ALTER SEQUENCE SYSTEM_LOBS.LOB_ID RESTART WITH 91
COMMIT
DELETE FROM BLOCKS WHERE BLOCK_ADDR=175
INSERT INTO BLOCKS VALUES(175,1,0)
INSERT INTO BLOCKS VALUES(176,2147483471,0)
DELETE FROM BLOCKS WHERE BLOCK_ADDR=175
INSERT INTO LOBS VALUES(175,1,0,90)
COMMIT
/*C403*/SET SCHEMA PUBLIC
INSERT INTO MYBACKUP VALUES(88,90,'2017-11-24','Jasper Cheng')
SET SCHEMA SYSTEM_LOBS
DELETE FROM LOB_IDS WHERE LOB_ID=90
INSERT INTO LOB_IDS VALUES(90,8,1,30)
COMMIT
SET SCHEMA PUBLIC
DISCONNECT
/*C404*/SET SCHEMA PUBLIC
INSERT INTO MYLOG VALUES(83,'backup data name: subdir\forTestingMigration size: 8 byte successfully','2017-11-24','Jasper Cheng')
COMMIT
DISCONNECT
/*C1*/INSERT INTO LOB_IDS VALUES(91,8,0,30)
ALTER SEQUENCE SYSTEM_LOBS.LOB_ID RESTART WITH 92
COMMIT
DELETE FROM BLOCKS WHERE BLOCK_ADDR=176
INSERT INTO BLOCKS VALUES(176,1,0)
INSERT INTO BLOCKS VALUES(177,2147483470,0)
DELETE FROM BLOCKS WHERE BLOCK_ADDR=176
INSERT INTO LOBS VALUES(176,1,0,91)
COMMIT
/*C405*/SET SCHEMA PUBLIC
INSERT INTO MYBACKUP VALUES(89,91,'2017-11-24','Jasper Cheng')
SET SCHEMA SYSTEM_LOBS
DELETE FROM LOB_IDS WHERE LOB_ID=91
INSERT INTO LOB_IDS VALUES(91,8,1,30)
COMMIT
SET SCHEMA PUBLIC
DISCONNECT
/*C406*/SET SCHEMA PUBLIC
INSERT INTO MYLOG VALUES(84,'backup data name: subdir\subdir\forTestingMigration size: 8 byte successfully','2017-11-24','Jasper Cheng')
COMMIT
DISCONNECT
/*C1*/INSERT INTO LOB_IDS VALUES(92,44848,0,30)
ALTER SEQUENCE SYSTEM_LOBS.LOB_ID RESTART WITH 93
COMMIT
DELETE FROM BLOCKS WHERE BLOCK_ADDR=177
INSERT INTO BLOCKS VALUES(177,2,0)
INSERT INTO BLOCKS VALUES(179,2147483468,0)
DELETE FROM BLOCKS WHERE BLOCK_ADDR=177
INSERT INTO LOBS VALUES(177,2,0,92)
COMMIT
/*C407*/SET SCHEMA PUBLIC
INSERT INTO MYBACKUP VALUES(90,92,'2017-11-24','Jasper Cheng')
SET SCHEMA SYSTEM_LOBS
DELETE FROM LOB_IDS WHERE LOB_ID=92
INSERT INTO LOB_IDS VALUES(92,44848,1,30)
COMMIT
SET SCHEMA PUBLIC
DISCONNECT
/*C408*/SET SCHEMA PUBLIC
INSERT INTO MYLOG VALUES(85,'backup data name: duke size: 44848 byte successfully','2017-11-24','Jasper Cheng')
COMMIT
DISCONNECT
/*C1*/INSERT INTO LOB_IDS VALUES(93,44848,0,30)
ALTER SEQUENCE SYSTEM_LOBS.LOB_ID RESTART WITH 94
COMMIT
DELETE FROM BLOCKS WHERE BLOCK_ADDR=179
INSERT INTO BLOCKS VALUES(179,2,0)
INSERT INTO BLOCKS VALUES(181,2147483466,0)
DELETE FROM BLOCKS WHERE BLOCK_ADDR=179
INSERT INTO LOBS VALUES(179,2,0,93)
COMMIT
/*C409*/SET SCHEMA PUBLIC
INSERT INTO MYBACKUP VALUES(91,93,'2017-11-24','Jasper Cheng')
SET SCHEMA SYSTEM_LOBS
DELETE FROM LOB_IDS WHERE LOB_ID=93
INSERT INTO LOB_IDS VALUES(93,44848,1,30)
COMMIT
SET SCHEMA PUBLIC
DISCONNECT
/*C410*/SET SCHEMA PUBLIC
INSERT INTO MYLOG VALUES(86,'backup data name: subdir\duke size: 44848 byte successfully','2017-11-24','Jasper Cheng')
COMMIT
DISCONNECT
/*C1*/INSERT INTO LOB_IDS VALUES(94,44848,0,30)
ALTER SEQUENCE SYSTEM_LOBS.LOB_ID RESTART WITH 95
COMMIT
DELETE FROM BLOCKS WHERE BLOCK_ADDR=181
INSERT INTO BLOCKS VALUES(181,2,0)
INSERT INTO BLOCKS VALUES(183,2147483464,0)
DELETE FROM BLOCKS WHERE BLOCK_ADDR=181
INSERT INTO LOBS VALUES(181,2,0,94)
COMMIT
/*C411*/SET SCHEMA PUBLIC
INSERT INTO MYBACKUP VALUES(92,94,'2017-11-24','Jasper Cheng')
SET SCHEMA SYSTEM_LOBS
DELETE FROM LOB_IDS WHERE LOB_ID=94
INSERT INTO LOB_IDS VALUES(94,44848,1,30)
COMMIT
SET SCHEMA PUBLIC
DISCONNECT
/*C412*/SET SCHEMA PUBLIC
INSERT INTO MYLOG VALUES(87,'backup data name: subdir\subdir\duke size: 44848 byte successfully','2017-11-24','Jasper Cheng')
COMMIT
DISCONNECT
/*C1*/INSERT INTO LOB_IDS VALUES(95,44848,0,30)
ALTER SEQUENCE SYSTEM_LOBS.LOB_ID RESTART WITH 96
COMMIT
DELETE FROM BLOCKS WHERE BLOCK_ADDR=183
INSERT INTO BLOCKS VALUES(183,2,0)
INSERT INTO BLOCKS VALUES(185,2147483462,0)
DELETE FROM BLOCKS WHERE BLOCK_ADDR=183
INSERT INTO LOBS VALUES(183,2,0,95)
COMMIT
/*C413*/SET SCHEMA PUBLIC
INSERT INTO MYBACKUP VALUES(93,95,'2017-11-24','Jasper Cheng')
SET SCHEMA SYSTEM_LOBS
DELETE FROM LOB_IDS WHERE LOB_ID=95
INSERT INTO LOB_IDS VALUES(95,44848,1,30)
COMMIT
SET SCHEMA PUBLIC
DISCONNECT
/*C414*/SET SCHEMA PUBLIC
INSERT INTO MYLOG VALUES(88,'backup data name: duke size: 44848 byte successfully','2017-11-24','Jasper Cheng')
COMMIT
DISCONNECT
/*C1*/INSERT INTO LOB_IDS VALUES(96,44848,0,30)
ALTER SEQUENCE SYSTEM_LOBS.LOB_ID RESTART WITH 97
COMMIT
DELETE FROM BLOCKS WHERE BLOCK_ADDR=185
INSERT INTO BLOCKS VALUES(185,2,0)
INSERT INTO BLOCKS VALUES(187,2147483460,0)
DELETE FROM BLOCKS WHERE BLOCK_ADDR=185
INSERT INTO LOBS VALUES(185,2,0,96)
COMMIT
/*C415*/SET SCHEMA PUBLIC
INSERT INTO MYBACKUP VALUES(94,96,'2017-11-24','Jasper Cheng')
SET SCHEMA SYSTEM_LOBS
DELETE FROM LOB_IDS WHERE LOB_ID=96
INSERT INTO LOB_IDS VALUES(96,44848,1,30)
COMMIT
SET SCHEMA PUBLIC
DISCONNECT
/*C416*/SET SCHEMA PUBLIC
INSERT INTO MYLOG VALUES(89,'backup data name: subdir\duke size: 44848 byte successfully','2017-11-24','Jasper Cheng')
COMMIT
DISCONNECT
/*C1*/INSERT INTO LOB_IDS VALUES(97,44848,0,30)
ALTER SEQUENCE SYSTEM_LOBS.LOB_ID RESTART WITH 98
COMMIT
DELETE FROM BLOCKS WHERE BLOCK_ADDR=187
INSERT INTO BLOCKS VALUES(187,2,0)
INSERT INTO BLOCKS VALUES(189,2147483458,0)
DELETE FROM BLOCKS WHERE BLOCK_ADDR=187
INSERT INTO LOBS VALUES(187,2,0,97)
COMMIT
/*C417*/SET SCHEMA PUBLIC
INSERT INTO MYBACKUP VALUES(95,97,'2017-11-24','Jasper Cheng')
SET SCHEMA SYSTEM_LOBS
DELETE FROM LOB_IDS WHERE LOB_ID=97
INSERT INTO LOB_IDS VALUES(97,44848,1,30)
COMMIT
SET SCHEMA PUBLIC
DISCONNECT
/*C418*/SET SCHEMA PUBLIC
INSERT INTO MYLOG VALUES(90,'backup data name: subdir\subdir\duke size: 44848 byte successfully','2017-11-24','Jasper Cheng')
COMMIT
DISCONNECT
/*C1*/INSERT INTO LOB_IDS VALUES(98,44848,0,30)
ALTER SEQUENCE SYSTEM_LOBS.LOB_ID RESTART WITH 99
COMMIT
DELETE FROM BLOCKS WHERE BLOCK_ADDR=189
INSERT INTO BLOCKS VALUES(189,2,0)
INSERT INTO BLOCKS VALUES(191,2147483456,0)
DELETE FROM BLOCKS WHERE BLOCK_ADDR=189
INSERT INTO LOBS VALUES(189,2,0,98)
COMMIT
/*C419*/SET SCHEMA PUBLIC
INSERT INTO MYBACKUP VALUES(96,98,'2017-11-24','Jasper Cheng')
SET SCHEMA SYSTEM_LOBS
DELETE FROM LOB_IDS WHERE LOB_ID=98
INSERT INTO LOB_IDS VALUES(98,44848,1,30)
COMMIT
SET SCHEMA PUBLIC
DISCONNECT
/*C420*/SET SCHEMA PUBLIC
INSERT INTO MYLOG VALUES(91,'backup data name: duke size: 44848 byte successfully','2017-11-24','Jasper Cheng')
COMMIT
DISCONNECT
/*C1*/INSERT INTO LOB_IDS VALUES(99,44848,0,30)
ALTER SEQUENCE SYSTEM_LOBS.LOB_ID RESTART WITH 100
COMMIT
DELETE FROM BLOCKS WHERE BLOCK_ADDR=191
INSERT INTO BLOCKS VALUES(191,2,0)
INSERT INTO BLOCKS VALUES(193,2147483454,0)
DELETE FROM BLOCKS WHERE BLOCK_ADDR=191
INSERT INTO LOBS VALUES(191,2,0,99)
COMMIT
/*C421*/SET SCHEMA PUBLIC
INSERT INTO MYBACKUP VALUES(97,99,'2017-11-24','Jasper Cheng')
SET SCHEMA SYSTEM_LOBS
DELETE FROM LOB_IDS WHERE LOB_ID=99
INSERT INTO LOB_IDS VALUES(99,44848,1,30)
COMMIT
SET SCHEMA PUBLIC
DISCONNECT
/*C422*/SET SCHEMA PUBLIC
INSERT INTO MYLOG VALUES(92,'backup data name: subdir\duke size: 44848 byte successfully','2017-11-24','Jasper Cheng')
COMMIT
DISCONNECT
/*C1*/INSERT INTO LOB_IDS VALUES(100,44848,0,30)
ALTER SEQUENCE SYSTEM_LOBS.LOB_ID RESTART WITH 101
COMMIT
DELETE FROM BLOCKS WHERE BLOCK_ADDR=193
INSERT INTO BLOCKS VALUES(193,2,0)
INSERT INTO BLOCKS VALUES(195,2147483452,0)
DELETE FROM BLOCKS WHERE BLOCK_ADDR=193
INSERT INTO LOBS VALUES(193,2,0,100)
COMMIT
/*C423*/SET SCHEMA PUBLIC
INSERT INTO MYBACKUP VALUES(98,100,'2017-11-24','Jasper Cheng')
SET SCHEMA SYSTEM_LOBS
DELETE FROM LOB_IDS WHERE LOB_ID=100
INSERT INTO LOB_IDS VALUES(100,44848,1,30)
COMMIT
SET SCHEMA PUBLIC
DISCONNECT
/*C424*/SET SCHEMA PUBLIC
INSERT INTO MYLOG VALUES(93,'backup data name: subdir\subdir\duke size: 44848 byte successfully','2017-11-24','Jasper Cheng')
COMMIT
DISCONNECT
/*C1*/INSERT INTO LOB_IDS VALUES(101,44848,0,30)
ALTER SEQUENCE SYSTEM_LOBS.LOB_ID RESTART WITH 102
COMMIT
DELETE FROM BLOCKS WHERE BLOCK_ADDR=195
INSERT INTO BLOCKS VALUES(195,2,0)
INSERT INTO BLOCKS VALUES(197,2147483450,0)
DELETE FROM BLOCKS WHERE BLOCK_ADDR=195
INSERT INTO LOBS VALUES(195,2,0,101)
COMMIT
/*C425*/SET SCHEMA PUBLIC
INSERT INTO MYBACKUP VALUES(99,101,'2017-11-24','Jasper Cheng')
SET SCHEMA SYSTEM_LOBS
DELETE FROM LOB_IDS WHERE LOB_ID=101
INSERT INTO LOB_IDS VALUES(101,44848,1,30)
COMMIT
SET SCHEMA PUBLIC
DISCONNECT
/*C426*/SET SCHEMA PUBLIC
INSERT INTO MYLOG VALUES(94,'backup data name: duke size: 44848 byte successfully','2017-11-24','Jasper Cheng')
COMMIT
DISCONNECT
/*C1*/INSERT INTO LOB_IDS VALUES(102,44848,0,30)
ALTER SEQUENCE SYSTEM_LOBS.LOB_ID RESTART WITH 103
COMMIT
DELETE FROM BLOCKS WHERE BLOCK_ADDR=197
INSERT INTO BLOCKS VALUES(197,2,0)
INSERT INTO BLOCKS VALUES(199,2147483448,0)
DELETE FROM BLOCKS WHERE BLOCK_ADDR=197
INSERT INTO LOBS VALUES(197,2,0,102)
COMMIT
/*C427*/SET SCHEMA PUBLIC
INSERT INTO MYBACKUP VALUES(100,102,'2017-11-24','Jasper Cheng')
SET SCHEMA SYSTEM_LOBS
DELETE FROM LOB_IDS WHERE LOB_ID=102
INSERT INTO LOB_IDS VALUES(102,44848,1,30)
COMMIT
SET SCHEMA PUBLIC
DISCONNECT
/*C428*/SET SCHEMA PUBLIC
INSERT INTO MYLOG VALUES(95,'backup data name: subdir\duke size: 44848 byte successfully','2017-11-24','Jasper Cheng')
COMMIT
DISCONNECT
/*C1*/INSERT INTO LOB_IDS VALUES(103,44848,0,30)
ALTER SEQUENCE SYSTEM_LOBS.LOB_ID RESTART WITH 104
COMMIT
DELETE FROM BLOCKS WHERE BLOCK_ADDR=199
INSERT INTO BLOCKS VALUES(199,2,0)
INSERT INTO BLOCKS VALUES(201,2147483446,0)
DELETE FROM BLOCKS WHERE BLOCK_ADDR=199
INSERT INTO LOBS VALUES(199,2,0,103)
COMMIT
/*C429*/SET SCHEMA PUBLIC
INSERT INTO MYBACKUP VALUES(101,103,'2017-11-24','Jasper Cheng')
SET SCHEMA SYSTEM_LOBS
DELETE FROM LOB_IDS WHERE LOB_ID=103
INSERT INTO LOB_IDS VALUES(103,44848,1,30)
COMMIT
SET SCHEMA PUBLIC
DISCONNECT
/*C430*/SET SCHEMA PUBLIC
INSERT INTO MYLOG VALUES(96,'backup data name: subdir\subdir\duke size: 44848 byte successfully','2017-11-24','Jasper Cheng')
COMMIT
DISCONNECT
/*C1*/INSERT INTO LOB_IDS VALUES(104,44848,0,30)
ALTER SEQUENCE SYSTEM_LOBS.LOB_ID RESTART WITH 105
COMMIT
DELETE FROM BLOCKS WHERE BLOCK_ADDR=201
INSERT INTO BLOCKS VALUES(201,2,0)
INSERT INTO BLOCKS VALUES(203,2147483444,0)
DELETE FROM BLOCKS WHERE BLOCK_ADDR=201
INSERT INTO LOBS VALUES(201,2,0,104)
COMMIT
/*C431*/SET SCHEMA PUBLIC
INSERT INTO MYBACKUP VALUES(102,104,'2017-11-24','Jasper Cheng')
SET SCHEMA SYSTEM_LOBS
DELETE FROM LOB_IDS WHERE LOB_ID=104
INSERT INTO LOB_IDS VALUES(104,44848,1,30)
COMMIT
SET SCHEMA PUBLIC
DISCONNECT
/*C432*/SET SCHEMA PUBLIC
INSERT INTO MYLOG VALUES(97,'backup data name: duke size: 44848 byte successfully','2017-11-24','Jasper Cheng')
COMMIT
DISCONNECT
/*C1*/INSERT INTO LOB_IDS VALUES(105,44848,0,30)
ALTER SEQUENCE SYSTEM_LOBS.LOB_ID RESTART WITH 106
COMMIT
DELETE FROM BLOCKS WHERE BLOCK_ADDR=203
INSERT INTO BLOCKS VALUES(203,2,0)
INSERT INTO BLOCKS VALUES(205,2147483442,0)
DELETE FROM BLOCKS WHERE BLOCK_ADDR=203
INSERT INTO LOBS VALUES(203,2,0,105)
COMMIT
/*C433*/SET SCHEMA PUBLIC
INSERT INTO MYBACKUP VALUES(103,105,'2017-11-24','Jasper Cheng')
SET SCHEMA SYSTEM_LOBS
DELETE FROM LOB_IDS WHERE LOB_ID=105
INSERT INTO LOB_IDS VALUES(105,44848,1,30)
COMMIT
SET SCHEMA PUBLIC
DISCONNECT
/*C434*/SET SCHEMA PUBLIC
INSERT INTO MYLOG VALUES(98,'backup data name: subdir\duke size: 44848 byte successfully','2017-11-24','Jasper Cheng')
COMMIT
DISCONNECT
/*C1*/INSERT INTO LOB_IDS VALUES(106,44848,0,30)
ALTER SEQUENCE SYSTEM_LOBS.LOB_ID RESTART WITH 107
COMMIT
DELETE FROM BLOCKS WHERE BLOCK_ADDR=205
INSERT INTO BLOCKS VALUES(205,2,0)
INSERT INTO BLOCKS VALUES(207,2147483440,0)
DELETE FROM BLOCKS WHERE BLOCK_ADDR=205
INSERT INTO LOBS VALUES(205,2,0,106)
COMMIT
/*C435*/SET SCHEMA PUBLIC
INSERT INTO MYBACKUP VALUES(104,106,'2017-11-24','Jasper Cheng')
SET SCHEMA SYSTEM_LOBS
DELETE FROM LOB_IDS WHERE LOB_ID=106
INSERT INTO LOB_IDS VALUES(106,44848,1,30)
COMMIT
SET SCHEMA PUBLIC
DISCONNECT
/*C436*/SET SCHEMA PUBLIC
INSERT INTO MYLOG VALUES(99,'backup data name: subdir\subdir\duke size: 44848 byte successfully','2017-11-24','Jasper Cheng')
COMMIT
DISCONNECT
/*C437*/SET SCHEMA PUBLIC
DISCONNECT
/*C438*/SET SCHEMA PUBLIC
DISCONNECT
/*C439*/SET SCHEMA PUBLIC
DISCONNECT
/*C440*/SET SCHEMA PUBLIC
DELETE FROM MYBACKUP WHERE ID=51
DELETE FROM MYBACKUP WHERE ID=52
DELETE FROM MYBACKUP WHERE ID=53
DELETE FROM MYBACKUP WHERE ID=54
DELETE FROM MYBACKUP WHERE ID=55
DELETE FROM MYBACKUP WHERE ID=56
DELETE FROM MYBACKUP WHERE ID=57
DELETE FROM MYBACKUP WHERE ID=58
DELETE FROM MYBACKUP WHERE ID=59
DELETE FROM MYBACKUP WHERE ID=60
DELETE FROM MYBACKUP WHERE ID=61
DELETE FROM MYBACKUP WHERE ID=62
DELETE FROM MYBACKUP WHERE ID=63
DELETE FROM MYBACKUP WHERE ID=64
DELETE FROM MYBACKUP WHERE ID=65
DELETE FROM MYBACKUP WHERE ID=66
DELETE FROM MYBACKUP WHERE ID=67
DELETE FROM MYBACKUP WHERE ID=68
DELETE FROM MYBACKUP WHERE ID=69
DELETE FROM MYBACKUP WHERE ID=70
DELETE FROM MYBACKUP WHERE ID=71
DELETE FROM MYBACKUP WHERE ID=72
DELETE FROM MYBACKUP WHERE ID=73
DELETE FROM MYBACKUP WHERE ID=74
DELETE FROM MYBACKUP WHERE ID=75
DELETE FROM MYBACKUP WHERE ID=76
DELETE FROM MYBACKUP WHERE ID=77
DELETE FROM MYBACKUP WHERE ID=78
DELETE FROM MYBACKUP WHERE ID=79
DELETE FROM MYBACKUP WHERE ID=80
DELETE FROM MYBACKUP WHERE ID=81
DELETE FROM MYBACKUP WHERE ID=82
DELETE FROM MYBACKUP WHERE ID=83
DELETE FROM MYBACKUP WHERE ID=84
DELETE FROM MYBACKUP WHERE ID=85
DELETE FROM MYBACKUP WHERE ID=86
DELETE FROM MYBACKUP WHERE ID=87
DELETE FROM MYBACKUP WHERE ID=88
DELETE FROM MYBACKUP WHERE ID=89
DELETE FROM MYBACKUP WHERE ID=90
DELETE FROM MYBACKUP WHERE ID=91
DELETE FROM MYBACKUP WHERE ID=92
DELETE FROM MYBACKUP WHERE ID=93
DELETE FROM MYBACKUP WHERE ID=94
DELETE FROM MYBACKUP WHERE ID=95
DELETE FROM MYBACKUP WHERE ID=96
DELETE FROM MYBACKUP WHERE ID=97
DELETE FROM MYBACKUP WHERE ID=98
DELETE FROM MYBACKUP WHERE ID=99
DELETE FROM MYBACKUP WHERE ID=100
DELETE FROM MYBACKUP WHERE ID=101
DELETE FROM MYBACKUP WHERE ID=102
DELETE FROM MYBACKUP WHERE ID=103
DELETE FROM MYBACKUP WHERE ID=104
SET SCHEMA SYSTEM_LOBS
DELETE FROM LOB_IDS WHERE LOB_ID=53
INSERT INTO LOB_IDS VALUES(53,74568,0,30)
DELETE FROM LOB_IDS WHERE LOB_ID=54
INSERT INTO LOB_IDS VALUES(54,74568,0,30)
DELETE FROM LOB_IDS WHERE LOB_ID=55
INSERT INTO LOB_IDS VALUES(55,74568,0,30)
DELETE FROM LOB_IDS WHERE LOB_ID=56
INSERT INTO LOB_IDS VALUES(56,8,0,30)
DELETE FROM LOB_IDS WHERE LOB_ID=57
INSERT INTO LOB_IDS VALUES(57,8,0,30)
DELETE FROM LOB_IDS WHERE LOB_ID=58
INSERT INTO LOB_IDS VALUES(58,8,0,30)
DELETE FROM LOB_IDS WHERE LOB_ID=59
INSERT INTO LOB_IDS VALUES(59,44848,0,30)
DELETE FROM LOB_IDS WHERE LOB_ID=60
INSERT INTO LOB_IDS VALUES(60,44848,0,30)
DELETE FROM LOB_IDS WHERE LOB_ID=61
INSERT INTO LOB_IDS VALUES(61,44848,0,30)
DELETE FROM LOB_IDS WHERE LOB_ID=62
INSERT INTO LOB_IDS VALUES(62,44848,0,30)
DELETE FROM LOB_IDS WHERE LOB_ID=63
INSERT INTO LOB_IDS VALUES(63,44848,0,30)
DELETE FROM LOB_IDS WHERE LOB_ID=64
INSERT INTO LOB_IDS VALUES(64,44848,0,30)
DELETE FROM LOB_IDS WHERE LOB_ID=65
INSERT INTO LOB_IDS VALUES(65,74568,0,30)
DELETE FROM LOB_IDS WHERE LOB_ID=66
INSERT INTO LOB_IDS VALUES(66,74568,0,30)
DELETE FROM LOB_IDS WHERE LOB_ID=67
INSERT INTO LOB_IDS VALUES(67,74568,0,30)
DELETE FROM LOB_IDS WHERE LOB_ID=68
INSERT INTO LOB_IDS VALUES(68,8,0,30)
DELETE FROM LOB_IDS WHERE LOB_ID=69
INSERT INTO LOB_IDS VALUES(69,8,0,30)
DELETE FROM LOB_IDS WHERE LOB_ID=70
INSERT INTO LOB_IDS VALUES(70,8,0,30)
DELETE FROM LOB_IDS WHERE LOB_ID=71
INSERT INTO LOB_IDS VALUES(71,44848,0,30)
DELETE FROM LOB_IDS WHERE LOB_ID=72
INSERT INTO LOB_IDS VALUES(72,44848,0,30)
DELETE FROM LOB_IDS WHERE LOB_ID=73
INSERT INTO LOB_IDS VALUES(73,44848,0,30)
DELETE FROM LOB_IDS WHERE LOB_ID=74
INSERT INTO LOB_IDS VALUES(74,44848,0,30)
DELETE FROM LOB_IDS WHERE LOB_ID=75
INSERT INTO LOB_IDS VALUES(75,44848,0,30)
DELETE FROM LOB_IDS WHERE LOB_ID=76
INSERT INTO LOB_IDS VALUES(76,44848,0,30)
DELETE FROM LOB_IDS WHERE LOB_ID=77
INSERT INTO LOB_IDS VALUES(77,74568,0,30)
DELETE FROM LOB_IDS WHERE LOB_ID=78
INSERT INTO LOB_IDS VALUES(78,74568,0,30)
DELETE FROM LOB_IDS WHERE LOB_ID=79
INSERT INTO LOB_IDS VALUES(79,74568,0,30)
DELETE FROM LOB_IDS WHERE LOB_ID=80
INSERT INTO LOB_IDS VALUES(80,8,0,30)
DELETE FROM LOB_IDS WHERE LOB_ID=81
INSERT INTO LOB_IDS VALUES(81,8,0,30)
DELETE FROM LOB_IDS WHERE LOB_ID=82
INSERT INTO LOB_IDS VALUES(82,8,0,30)
DELETE FROM LOB_IDS WHERE LOB_ID=83
INSERT INTO LOB_IDS VALUES(83,44848,0,30)
DELETE FROM LOB_IDS WHERE LOB_ID=84
INSERT INTO LOB_IDS VALUES(84,44848,0,30)
DELETE FROM LOB_IDS WHERE LOB_ID=85
INSERT INTO LOB_IDS VALUES(85,44848,0,30)
DELETE FROM LOB_IDS WHERE LOB_ID=86
INSERT INTO LOB_IDS VALUES(86,74568,0,30)
DELETE FROM LOB_IDS WHERE LOB_ID=87
INSERT INTO LOB_IDS VALUES(87,74568,0,30)
DELETE FROM LOB_IDS WHERE LOB_ID=88
INSERT INTO LOB_IDS VALUES(88,74568,0,30)
DELETE FROM LOB_IDS WHERE LOB_ID=89
INSERT INTO LOB_IDS VALUES(89,8,0,30)
DELETE FROM LOB_IDS WHERE LOB_ID=90
INSERT INTO LOB_IDS VALUES(90,8,0,30)
DELETE FROM LOB_IDS WHERE LOB_ID=91
INSERT INTO LOB_IDS VALUES(91,8,0,30)
DELETE FROM LOB_IDS WHERE LOB_ID=92
INSERT INTO LOB_IDS VALUES(92,44848,0,30)
DELETE FROM LOB_IDS WHERE LOB_ID=93
INSERT INTO LOB_IDS VALUES(93,44848,0,30)
DELETE FROM LOB_IDS WHERE LOB_ID=94
INSERT INTO LOB_IDS VALUES(94,44848,0,30)
DELETE FROM LOB_IDS WHERE LOB_ID=95
INSERT INTO LOB_IDS VALUES(95,44848,0,30)
DELETE FROM LOB_IDS WHERE LOB_ID=96
INSERT INTO LOB_IDS VALUES(96,44848,0,30)
DELETE FROM LOB_IDS WHERE LOB_ID=97
INSERT INTO LOB_IDS VALUES(97,44848,0,30)
DELETE FROM LOB_IDS WHERE LOB_ID=98
INSERT INTO LOB_IDS VALUES(98,44848,0,30)
DELETE FROM LOB_IDS WHERE LOB_ID=99
INSERT INTO LOB_IDS VALUES(99,44848,0,30)
DELETE FROM LOB_IDS WHERE LOB_ID=100
INSERT INTO LOB_IDS VALUES(100,44848,0,30)
DELETE FROM LOB_IDS WHERE LOB_ID=101
INSERT INTO LOB_IDS VALUES(101,44848,0,30)
DELETE FROM LOB_IDS WHERE LOB_ID=102
INSERT INTO LOB_IDS VALUES(102,44848,0,30)
DELETE FROM LOB_IDS WHERE LOB_ID=103
INSERT INTO LOB_IDS VALUES(103,44848,0,30)
DELETE FROM LOB_IDS WHERE LOB_ID=104
INSERT INTO LOB_IDS VALUES(104,44848,0,30)
DELETE FROM LOB_IDS WHERE LOB_ID=105
INSERT INTO LOB_IDS VALUES(105,44848,0,30)
DELETE FROM LOB_IDS WHERE LOB_ID=106
INSERT INTO LOB_IDS VALUES(106,44848,0,30)
COMMIT
SET SCHEMA PUBLIC
DISCONNECT
/*C441*/SET SCHEMA PUBLIC
DELETE FROM MYLOG WHERE ID=46
DELETE FROM MYLOG WHERE ID=47
DELETE FROM MYLOG WHERE ID=48
DELETE FROM MYLOG WHERE ID=49
DELETE FROM MYLOG WHERE ID=50
DELETE FROM MYLOG WHERE ID=51
DELETE FROM MYLOG WHERE ID=52
DELETE FROM MYLOG WHERE ID=53
DELETE FROM MYLOG WHERE ID=54
DELETE FROM MYLOG WHERE ID=55
DELETE FROM MYLOG WHERE ID=56
DELETE FROM MYLOG WHERE ID=57
DELETE FROM MYLOG WHERE ID=58
DELETE FROM MYLOG WHERE ID=59
DELETE FROM MYLOG WHERE ID=60
DELETE FROM MYLOG WHERE ID=61
DELETE FROM MYLOG WHERE ID=62
DELETE FROM MYLOG WHERE ID=63
DELETE FROM MYLOG WHERE ID=64
DELETE FROM MYLOG WHERE ID=65
DELETE FROM MYLOG WHERE ID=66
DELETE FROM MYLOG WHERE ID=67
DELETE FROM MYLOG WHERE ID=68
DELETE FROM MYLOG WHERE ID=69
DELETE FROM MYLOG WHERE ID=70
DELETE FROM MYLOG WHERE ID=71
DELETE FROM MYLOG WHERE ID=72
DELETE FROM MYLOG WHERE ID=73
DELETE FROM MYLOG WHERE ID=74
DELETE FROM MYLOG WHERE ID=75
DELETE FROM MYLOG WHERE ID=76
DELETE FROM MYLOG WHERE ID=77
DELETE FROM MYLOG WHERE ID=78
DELETE FROM MYLOG WHERE ID=79
DELETE FROM MYLOG WHERE ID=80
DELETE FROM MYLOG WHERE ID=81
DELETE FROM MYLOG WHERE ID=82
DELETE FROM MYLOG WHERE ID=83
DELETE FROM MYLOG WHERE ID=84
DELETE FROM MYLOG WHERE ID=85
DELETE FROM MYLOG WHERE ID=86
DELETE FROM MYLOG WHERE ID=87
DELETE FROM MYLOG WHERE ID=88
DELETE FROM MYLOG WHERE ID=89
DELETE FROM MYLOG WHERE ID=90
DELETE FROM MYLOG WHERE ID=91
DELETE FROM MYLOG WHERE ID=92
DELETE FROM MYLOG WHERE ID=93
DELETE FROM MYLOG WHERE ID=94
DELETE FROM MYLOG WHERE ID=95
DELETE FROM MYLOG WHERE ID=96
DELETE FROM MYLOG WHERE ID=97
DELETE FROM MYLOG WHERE ID=98
DELETE FROM MYLOG WHERE ID=99
COMMIT
DISCONNECT
/*C442*/SET SCHEMA PUBLIC
DISCONNECT
/*C443*/SET SCHEMA PUBLIC
DISCONNECT
